This is pdfTeX, Version 3.14159265-2.6-1.40.20 (TeX Live 2019/Debian) (preloaded format=pdflatex 2021.5.25)  15 JUL 2021 20:29
entering extended mode
 restricted \write18 enabled.
 %&-line parsing enabled.
**freq_analysis_summary.tex
(./freq_analysis_summary.tex
LaTeX2e <2020-02-02> patch level 2
L3 programming layer <2020-02-14>
(/usr/share/texlive/texmf-dist/tex/latex/base/article.cls
Document Class: article 2019/12/20 v1.4l Standard LaTeX document class
(/usr/share/texlive/texmf-dist/tex/latex/base/size10.clo
File: size10.clo 2019/12/20 v1.4l Standard LaTeX file (size option)
)
\c@part=\count167
\c@section=\count168
\c@subsection=\count169
\c@subsubsection=\count170
\c@paragraph=\count171
\c@subparagraph=\count172
\c@figure=\count173
\c@table=\count174
\abovecaptionskip=\skip47
\belowcaptionskip=\skip48
\bibindent=\dimen134
)
(/usr/share/texlive/texmf-dist/tex/generic/babel/babel.sty
Package: babel 2020/02/14 3.40 The Babel package

(/usr/share/texlive/texmf-dist/tex/generic/babel/switch.def
File: switch.def 2020/02/14 3.40 Babel switching mechanism
)
(/usr/share/texlive/texmf-dist/tex/generic/babel-english/english.ldf
Language: english 2017/06/06 v3.3r English support from the babel system

(/usr/share/texlive/texmf-dist/tex/generic/babel/babel.def
File: babel.def 2020/02/14 3.40 Babel common definitions
\babel@savecnt=\count175
\U@D=\dimen135

(/usr/share/texlive/texmf-dist/tex/generic/babel/txtbabel.def)
\bbl@readstream=\read2
\bbl@dirlevel=\count176
)
Package babel Info: \l@canadian = using hyphenrules for english
(babel)             (\language0) on input line 102.
Package babel Info: \l@australian = using hyphenrules for ukenglish
(babel)             (\language43) on input line 105.
Package babel Info: \l@newzealand = using hyphenrules for ukenglish
(babel)             (\language43) on input line 108.
))
(/usr/share/texlive/texmf-dist/tex/latex/geometry/geometry.sty
Package: geometry 2020/01/02 v5.9 Page Geometry

(/usr/share/texlive/texmf-dist/tex/latex/graphics/keyval.sty
Package: keyval 2014/10/28 v1.15 key=value parser (DPC)
\KV@toks@=\toks14
)
(/usr/share/texlive/texmf-dist/tex/generic/iftex/ifvtex.sty
Package: ifvtex 2019/10/25 v1.7 ifvtex legacy package. Use iftex instead.

(/usr/share/texlive/texmf-dist/tex/generic/iftex/iftex.sty
Package: iftex 2019/11/07 v1.0c TeX engine tests
))
\Gm@cnth=\count177
\Gm@cntv=\count178
\c@Gm@tempcnt=\count179
\Gm@bindingoffset=\dimen136
\Gm@wd@mp=\dimen137
\Gm@odd@mp=\dimen138
\Gm@even@mp=\dimen139
\Gm@layoutwidth=\dimen140
\Gm@layoutheight=\dimen141
\Gm@layouthoffset=\dimen142
\Gm@layoutvoffset=\dimen143
\Gm@dimlist=\toks15
)
(/usr/share/texlive/texmf-dist/tex/latex/amsmath/amsmath.sty
Package: amsmath 2020/01/20 v2.17e AMS math features
\@mathmargin=\skip49

For additional information on amsmath, use the `?' option.
(/usr/share/texlive/texmf-dist/tex/latex/amsmath/amstext.sty
Package: amstext 2000/06/29 v2.01 AMS text

(/usr/share/texlive/texmf-dist/tex/latex/amsmath/amsgen.sty
File: amsgen.sty 1999/11/30 v2.0 generic functions
\@emptytoks=\toks16
\ex@=\dimen144
))
(/usr/share/texlive/texmf-dist/tex/latex/amsmath/amsbsy.sty
Package: amsbsy 1999/11/29 v1.2d Bold Symbols
\pmbraise@=\dimen145
)
(/usr/share/texlive/texmf-dist/tex/latex/amsmath/amsopn.sty
Package: amsopn 2016/03/08 v2.02 operator names
)
\inf@bad=\count180
LaTeX Info: Redefining \frac on input line 227.
\uproot@=\count181
\leftroot@=\count182
LaTeX Info: Redefining \overline on input line 389.
\classnum@=\count183
\DOTSCASE@=\count184
LaTeX Info: Redefining \ldots on input line 486.
LaTeX Info: Redefining \dots on input line 489.
LaTeX Info: Redefining \cdots on input line 610.
\Mathstrutbox@=\box45
\strutbox@=\box46
\big@size=\dimen146
LaTeX Font Info:    Redeclaring font encoding OML on input line 733.
LaTeX Font Info:    Redeclaring font encoding OMS on input line 734.
\macc@depth=\count185
\c@MaxMatrixCols=\count186
\dotsspace@=\muskip16
\c@parentequation=\count187
\dspbrk@lvl=\count188
\tag@help=\toks17
\row@=\count189
\column@=\count190
\maxfields@=\count191
\andhelp@=\toks18
\eqnshift@=\dimen147
\alignsep@=\dimen148
\tagshift@=\dimen149
\tagwidth@=\dimen150
\totwidth@=\dimen151
\lineht@=\dimen152
\@envbody=\toks19
\multlinegap=\skip50
\multlinetaggap=\skip51
\mathdisplay@stack=\toks20
LaTeX Info: Redefining \[ on input line 2859.
LaTeX Info: Redefining \] on input line 2860.
)
(/usr/share/texlive/texmf-dist/tex/latex/graphics/graphicx.sty
Package: graphicx 2019/11/30 v1.2a Enhanced LaTeX Graphics (DPC,SPQR)

(/usr/share/texlive/texmf-dist/tex/latex/graphics/graphics.sty
Package: graphics 2019/11/30 v1.4a Standard LaTeX Graphics (DPC,SPQR)

(/usr/share/texlive/texmf-dist/tex/latex/graphics/trig.sty
Package: trig 2016/01/03 v1.10 sin cos tan (DPC)
)
(/usr/share/texlive/texmf-dist/tex/latex/graphics-cfg/graphics.cfg
File: graphics.cfg 2016/06/04 v1.11 sample graphics configuration
)
Package graphics Info: Driver file: pdftex.def on input line 105.

(/usr/share/texlive/texmf-dist/tex/latex/graphics-def/pdftex.def
File: pdftex.def 2018/01/08 v1.0l Graphics/color driver for pdftex
))
\Gin@req@height=\dimen153
\Gin@req@width=\dimen154
)
(/usr/share/texlive/texmf-dist/tex/latex/hyperref/hyperref.sty
Package: hyperref 2020/01/14 v7.00d Hypertext links for LaTeX

(/usr/share/texlive/texmf-dist/tex/generic/ltxcmds/ltxcmds.sty
Package: ltxcmds 2019/12/15 v1.24 LaTeX kernel commands for general use (HO)
)
(/usr/share/texlive/texmf-dist/tex/latex/pdftexcmds/pdftexcmds.sty
Package: pdftexcmds 2019/11/24 v0.31 Utility functions of pdfTeX for LuaTeX (HO
)

(/usr/share/texlive/texmf-dist/tex/generic/infwarerr/infwarerr.sty
Package: infwarerr 2019/12/03 v1.5 Providing info/warning/error messages (HO)
)
Package pdftexcmds Info: \pdf@primitive is available.
Package pdftexcmds Info: \pdf@ifprimitive is available.
Package pdftexcmds Info: \pdfdraftmode found.
)
(/usr/share/texlive/texmf-dist/tex/generic/kvsetkeys/kvsetkeys.sty
Package: kvsetkeys 2019/12/15 v1.18 Key value parser (HO)
)
(/usr/share/texlive/texmf-dist/tex/generic/kvdefinekeys/kvdefinekeys.sty
Package: kvdefinekeys 2019-12-19 v1.6 Define keys (HO)
)
(/usr/share/texlive/texmf-dist/tex/generic/pdfescape/pdfescape.sty
Package: pdfescape 2019/12/09 v1.15 Implements pdfTeX's escape features (HO)
)
(/usr/share/texlive/texmf-dist/tex/latex/hycolor/hycolor.sty
Package: hycolor 2020-01-27 v1.10 Color options for hyperref/bookmark (HO)
)
(/usr/share/texlive/texmf-dist/tex/latex/letltxmacro/letltxmacro.sty
Package: letltxmacro 2019/12/03 v1.6 Let assignment for LaTeX macros (HO)
)
(/usr/share/texlive/texmf-dist/tex/latex/auxhook/auxhook.sty
Package: auxhook 2019-12-17 v1.6 Hooks for auxiliary files (HO)
)
(/usr/share/texlive/texmf-dist/tex/latex/kvoptions/kvoptions.sty
Package: kvoptions 2019/11/29 v3.13 Key value format for package options (HO)
)
\@linkdim=\dimen155
\Hy@linkcounter=\count192
\Hy@pagecounter=\count193

(/usr/share/texlive/texmf-dist/tex/latex/hyperref/pd1enc.def
File: pd1enc.def 2020/01/14 v7.00d Hyperref: PDFDocEncoding definition (HO)
Now handling font encoding PD1 ...
... no UTF-8 mapping file for font encoding PD1
)
(/usr/share/texlive/texmf-dist/tex/generic/intcalc/intcalc.sty
Package: intcalc 2019/12/15 v1.3 Expandable calculations with integers (HO)
)
(/usr/share/texlive/texmf-dist/tex/generic/etexcmds/etexcmds.sty
Package: etexcmds 2019/12/15 v1.7 Avoid name clashes with e-TeX commands (HO)
)
\Hy@SavedSpaceFactor=\count194
\pdfmajorversion=\count195
Package hyperref Info: Option `colorlinks' set `true' on input line 4421.
Package hyperref Info: Hyper figures OFF on input line 4547.
Package hyperref Info: Link nesting OFF on input line 4552.
Package hyperref Info: Hyper index ON on input line 4555.
Package hyperref Info: Plain pages OFF on input line 4562.
Package hyperref Info: Backreferencing OFF on input line 4567.
Package hyperref Info: Implicit mode ON; LaTeX internals redefined.
Package hyperref Info: Bookmarks ON on input line 4800.
\c@Hy@tempcnt=\count196

(/usr/share/texlive/texmf-dist/tex/latex/url/url.sty
\Urlmuskip=\muskip17
Package: url 2013/09/16  ver 3.4  Verb mode for urls, etc.
)
LaTeX Info: Redefining \url on input line 5159.
\XeTeXLinkMargin=\dimen156

(/usr/share/texlive/texmf-dist/tex/generic/bitset/bitset.sty
Package: bitset 2019/12/09 v1.3 Handle bit-vector datatype (HO)

(/usr/share/texlive/texmf-dist/tex/generic/bigintcalc/bigintcalc.sty
Package: bigintcalc 2019/12/15 v1.5 Expandable calculations on big integers (HO
)
))
\Fld@menulength=\count197
\Field@Width=\dimen157
\Fld@charsize=\dimen158
Package hyperref Info: Hyper figures OFF on input line 6430.
Package hyperref Info: Link nesting OFF on input line 6435.
Package hyperref Info: Hyper index ON on input line 6438.
Package hyperref Info: backreferencing OFF on input line 6445.
Package hyperref Info: Link coloring ON on input line 6448.
Package hyperref Info: Link coloring with OCG OFF on input line 6455.
Package hyperref Info: PDF/A mode OFF on input line 6460.
LaTeX Info: Redefining \ref on input line 6500.
LaTeX Info: Redefining \pageref on input line 6504.

(/usr/share/texlive/texmf-dist/tex/generic/atbegshi/atbegshi.sty
Package: atbegshi 2019/12/05 v1.19 At begin shipout hook (HO)
)
\Hy@abspage=\count198
\c@Item=\count199
\c@Hfootnote=\count266
)
Package hyperref Info: Driver (autodetected): hpdftex.

(/usr/share/texlive/texmf-dist/tex/latex/hyperref/hpdftex.def
File: hpdftex.def 2020/01/14 v7.00d Hyperref driver for pdfTeX

(/usr/share/texlive/texmf-dist/tex/latex/atveryend/atveryend.sty
Package: atveryend 2019-12-11 v1.11 Hooks at the very end of document (HO)
Package atveryend Info: \enddocument detected (standard20110627).
)
\Fld@listcount=\count267
\c@bookmark@seq@number=\count268

(/usr/share/texlive/texmf-dist/tex/latex/rerunfilecheck/rerunfilecheck.sty
Package: rerunfilecheck 2019/12/05 v1.9 Rerun checks for auxiliary files (HO)

(/usr/share/texlive/texmf-dist/tex/generic/uniquecounter/uniquecounter.sty
Package: uniquecounter 2019/12/15 v1.4 Provide unlimited unique counter (HO)
)
Package uniquecounter Info: New unique counter `rerunfilecheck' on input line 2
86.
)
\Hy@SectionHShift=\skip52
)
(/usr/share/texlive/texmf-dist/tex/latex/subfig/subfig.sty
Package: subfig 2005/06/28 ver: 1.3 subfig package

(/usr/share/texlive/texmf-dist/tex/latex/caption/caption.sty
Package: caption 2020/01/03 v3.4h Customizing captions (AR)

(/usr/share/texlive/texmf-dist/tex/latex/caption/caption3.sty
Package: caption3 2020/01/03 v1.8h caption3 kernel (AR)
Package caption3 Info: TeX engine: e-TeX on input line 61.
\captionmargin=\dimen159
\captionmargin@=\dimen160
\captionwidth=\dimen161
\caption@tempdima=\dimen162
\caption@indent=\dimen163
\caption@parindent=\dimen164
\caption@hangindent=\dimen165
Package caption Info: Standard document class detected.
)
\c@caption@flags=\count269
\c@continuedfloat=\count270
Package caption Info: hyperref package is loaded.
)
\c@KVtest=\count271
\sf@farskip=\skip53
\sf@captopadj=\dimen166
\sf@capskip=\skip54
\sf@nearskip=\skip55
\c@subfigure=\count272
\c@subfigure@save=\count273
\c@lofdepth=\count274
\c@subtable=\count275
\c@subtable@save=\count276
\c@lotdepth=\count277
\sf@top=\skip56
\sf@bottom=\skip57
)
(/usr/share/texlive/texmf-dist/tex/latex/l3backend/l3backend-pdfmode.def
File: l3backend-pdfmode.def 2020-02-03 L3 backend support: PDF mode
\l__kernel_color_stack_int=\count278
\l__pdf_internal_box=\box47
)
(./freq_analysis_summary.aux)
\openout1 = `freq_analysis_summary.aux'.

LaTeX Font Info:    Checking defaults for OML/cmm/m/it on input line 21.
LaTeX Font Info:    ... okay on input line 21.
LaTeX Font Info:    Checking defaults for OMS/cmsy/m/n on input line 21.
LaTeX Font Info:    ... okay on input line 21.
LaTeX Font Info:    Checking defaults for OT1/cmr/m/n on input line 21.
LaTeX Font Info:    ... okay on input line 21.
LaTeX Font Info:    Checking defaults for T1/cmr/m/n on input line 21.
LaTeX Font Info:    ... okay on input line 21.
LaTeX Font Info:    Checking defaults for TS1/cmr/m/n on input line 21.
LaTeX Font Info:    ... okay on input line 21.
LaTeX Font Info:    Checking defaults for OMX/cmex/m/n on input line 21.
LaTeX Font Info:    ... okay on input line 21.
LaTeX Font Info:    Checking defaults for U/cmr/m/n on input line 21.
LaTeX Font Info:    ... okay on input line 21.
LaTeX Font Info:    Checking defaults for PD1/pdf/m/n on input line 21.
LaTeX Font Info:    ... okay on input line 21.

*geometry* driver: auto-detecting
*geometry* detected driver: pdftex
*geometry* verbose mode - [ preamble ] result:
* driver: pdftex
* paper: letterpaper
* layout: <same size as paper>
* layoutoffset:(h,v)=(0.0pt,0.0pt)
* modes: 
* h-part:(L,W,R)=(85.35826pt, 443.57848pt, 85.35826pt)
* v-part:(T,H,B)=(56.9055pt, 681.15898pt, 56.9055pt)
* \paperwidth=614.295pt
* \paperheight=794.96999pt
* \textwidth=443.57848pt
* \textheight=681.15898pt
* \oddsidemargin=13.08827pt
* \evensidemargin=13.08827pt
* \topmargin=-52.36449pt
* \headheight=12.0pt
* \headsep=25.0pt
* \topskip=10.0pt
* \footskip=30.0pt
* \marginparwidth=49.79231pt
* \marginparsep=11.0pt
* \columnsep=10.0pt
* \skip\footins=9.0pt plus 4.0pt minus 2.0pt
* \hoffset=0.0pt
* \voffset=0.0pt
* \mag=1000
* \@twocolumnfalse
* \@twosidefalse
* \@mparswitchfalse
* \@reversemarginfalse
* (1in=72.27pt=25.4mm, 1cm=28.453pt)

(/usr/share/texlive/texmf-dist/tex/context/base/mkii/supp-pdf.mkii
[Loading MPS to PDF converter (version 2006.09.02).]
\scratchcounter=\count279
\scratchdimen=\dimen167
\scratchbox=\box48
\nofMPsegments=\count280
\nofMParguments=\count281
\everyMPshowfont=\toks21
\MPscratchCnt=\count282
\MPscratchDim=\dimen168
\MPnumerator=\count283
\makeMPintoPDFobject=\count284
\everyMPtoPDFconversion=\toks22
) (/usr/share/texlive/texmf-dist/tex/latex/epstopdf-pkg/epstopdf-base.sty
Package: epstopdf-base 2020-01-24 v2.11 Base part for package epstopdf
Package epstopdf-base Info: Redefining graphics rule for `.eps' on input line 4
85.

(/usr/share/texlive/texmf-dist/tex/latex/latexconfig/epstopdf-sys.cfg
File: epstopdf-sys.cfg 2010/07/13 v1.3 Configuration of (r)epstopdf for TeX Liv
e
))
\AtBeginShipoutBox=\box49

(/usr/share/texlive/texmf-dist/tex/latex/graphics/color.sty
Package: color 2019/11/23 v1.2a Standard LaTeX Color (DPC)

(/usr/share/texlive/texmf-dist/tex/latex/graphics-cfg/color.cfg
File: color.cfg 2016/01/02 v1.6 sample color configuration
)
Package color Info: Driver file: pdftex.def on input line 147.
)
Package hyperref Info: Link coloring ON on input line 21.

(/usr/share/texlive/texmf-dist/tex/latex/hyperref/nameref.sty
Package: nameref 2019/09/16 v2.46 Cross-referencing by name of section

(/usr/share/texlive/texmf-dist/tex/latex/refcount/refcount.sty
Package: refcount 2019/12/15 v3.6 Data extraction from label references (HO)
)
(/usr/share/texlive/texmf-dist/tex/generic/gettitlestring/gettitlestring.sty
Package: gettitlestring 2019/12/15 v1.6 Cleanup title references (HO)
)
\c@section@level=\count285
)
LaTeX Info: Redefining \ref on input line 21.
LaTeX Info: Redefining \pageref on input line 21.
LaTeX Info: Redefining \nameref on input line 21.

(./freq_analysis_summary.out) (./freq_analysis_summary.out)
\@outlinefile=\write3
\openout3 = `freq_analysis_summary.out'.

Package caption Info: Begin \AtBeginDocument code.
Package caption Info: subfig package v1.3 is loaded.
Package caption Info: End \AtBeginDocument code.
<Plots/plots_combined.pdf, id=80, 542.025pt x 180.675pt>
File: Plots/plots_combined.pdf Graphic file (type pdf)
<use Plots/plots_combined.pdf>
Package pdftex.def Info: Plots/plots_combined.pdf  used on input line 38.
(pdftex.def)             Requested size: 443.57848pt x 147.86497pt.
<Plots/agg_spectrum_0.5Hz_ms.pdf, id=81, 433.62pt x 256.5585pt>
File: Plots/agg_spectrum_0.5Hz_ms.pdf Graphic file (type pdf)
<use Plots/agg_spectrum_0.5Hz_ms.pdf>
Package pdftex.def Info: Plots/agg_spectrum_0.5Hz_ms.pdf  used on input line 49
.
(pdftex.def)             Requested size: 217.35588pt x 128.60385pt.
<Plots/agg_spectrum_1Hz_ms.pdf, id=82, 433.62pt x 256.5585pt>
File: Plots/agg_spectrum_1Hz_ms.pdf Graphic file (type pdf)
<use Plots/agg_spectrum_1Hz_ms.pdf>
Package pdftex.def Info: Plots/agg_spectrum_1Hz_ms.pdf  used on input line 50.
(pdftex.def)             Requested size: 217.35588pt x 128.60385pt.
<Plots/agg_spectrum_1.5Hz_ms.pdf, id=83, 433.62pt x 256.5585pt>
File: Plots/agg_spectrum_1.5Hz_ms.pdf Graphic file (type pdf)
<use Plots/agg_spectrum_1.5Hz_ms.pdf>
Package pdftex.def Info: Plots/agg_spectrum_1.5Hz_ms.pdf  used on input line 52
.
(pdftex.def)             Requested size: 217.35588pt x 128.60385pt.
<Plots/agg_spectrum_2.5Hz_ms.pdf, id=84, 433.62pt x 256.5585pt>
File: Plots/agg_spectrum_2.5Hz_ms.pdf Graphic file (type pdf)
<use Plots/agg_spectrum_2.5Hz_ms.pdf>
Package pdftex.def Info: Plots/agg_spectrum_2.5Hz_ms.pdf  used on input line 53
.
(pdftex.def)             Requested size: 217.35588pt x 128.60385pt.
<Plots/e_at_res_raw_ms.pdf, id=85, 433.62pt x 256.5585pt>
File: Plots/e_at_res_raw_ms.pdf Graphic file (type pdf)
<use Plots/e_at_res_raw_ms.pdf>
Package pdftex.def Info: Plots/e_at_res_raw_ms.pdf  used on input line 61.
(pdftex.def)             Requested size: 217.35588pt x 128.60385pt.
<Plots/pl_SL1_indiv_ms.pdf, id=86, 433.62pt x 256.5585pt>
File: Plots/pl_SL1_indiv_ms.pdf Graphic file (type pdf)
<use Plots/pl_SL1_indiv_ms.pdf>
Package pdftex.def Info: Plots/pl_SL1_indiv_ms.pdf  used on input line 67.
(pdftex.def)             Requested size: 217.35588pt x 128.60385pt.
<Plots/pl_SL1_ms.pdf, id=87, 433.62pt x 256.5585pt>
File: Plots/pl_SL1_ms.pdf Graphic file (type pdf)
<use Plots/pl_SL1_ms.pdf>
Package pdftex.def Info: Plots/pl_SL1_ms.pdf  used on input line 68.
(pdftex.def)             Requested size: 217.35588pt x 128.60385pt.
<Plots/pl_SL0_indiv_ms.pdf, id=88, 433.62pt x 256.5585pt>
File: Plots/pl_SL0_indiv_ms.pdf Graphic file (type pdf)
<use Plots/pl_SL0_indiv_ms.pdf>
Package pdftex.def Info: Plots/pl_SL0_indiv_ms.pdf  used on input line 74.
(pdftex.def)             Requested size: 217.35588pt x 128.60385pt.
<Plots/pl_SL0_ms.pdf, id=89, 433.62pt x 256.5585pt>
File: Plots/pl_SL0_ms.pdf Graphic file (type pdf)
<use Plots/pl_SL0_ms.pdf>
Package pdftex.def Info: Plots/pl_SL0_ms.pdf  used on input line 75.
(pdftex.def)             Requested size: 217.35588pt x 128.60385pt.
<Plots/pl_A0_indiv_ms.pdf, id=90, 433.62pt x 256.5585pt>
File: Plots/pl_A0_indiv_ms.pdf Graphic file (type pdf)
<use Plots/pl_A0_indiv_ms.pdf>
Package pdftex.def Info: Plots/pl_A0_indiv_ms.pdf  used on input line 82.
(pdftex.def)             Requested size: 217.35588pt x 128.60385pt.
<Plots/pl_A0_ms.pdf, id=91, 433.62pt x 256.5585pt>
File: Plots/pl_A0_ms.pdf Graphic file (type pdf)
<use Plots/pl_A0_ms.pdf>
Package pdftex.def Info: Plots/pl_A0_ms.pdf  used on input line 83.
(pdftex.def)             Requested size: 217.35588pt x 128.60385pt.
<Plots/pl_A1_indiv_ms.pdf, id=92, 433.62pt x 256.5585pt>
File: Plots/pl_A1_indiv_ms.pdf Graphic file (type pdf)
<use Plots/pl_A1_indiv_ms.pdf>
Package pdftex.def Info: Plots/pl_A1_indiv_ms.pdf  used on input line 90.
(pdftex.def)             Requested size: 217.35588pt x 128.60385pt.
<Plots/pl_A1_ms.pdf, id=93, 433.62pt x 256.5585pt>
File: Plots/pl_A1_ms.pdf Graphic file (type pdf)
<use Plots/pl_A1_ms.pdf>
Package pdftex.def Info: Plots/pl_A1_ms.pdf  used on input line 91.
(pdftex.def)             Requested size: 217.35588pt x 128.60385pt.
 [1

{/var/lib/texmf/fonts/map/pdftex/updmap/pdftex.map} <./Plots/plots_combined.pdf
>] [2 <./Plots/agg_spectrum_0.5Hz_ms.pdf> <./Plots/agg_spectrum_1Hz_ms.pdf

pdfTeX warning: /usr/bin/pdflatex (file ./Plots/agg_spectrum_1Hz_ms.pdf): PDF i
nclusion: multiple pdfs with page group included in a single page
> <./Plots/agg_spectrum_1.5Hz_ms.pdf

pdfTeX warning: /usr/bin/pdflatex (file ./Plots/agg_spectrum_1.5Hz_ms.pdf): PDF
 inclusion: multiple pdfs with page group included in a single page
> <./Plots/agg_spectrum_2.5Hz_ms.pdf

pdfTeX warning: /usr/bin/pdflatex (file ./Plots/agg_spectrum_2.5Hz_ms.pdf): PDF
 inclusion: multiple pdfs with page group included in a single page
> <./Plots/e_at_res_raw_ms.pdf

pdfTeX warning: /usr/bin/pdflatex (file ./Plots/e_at_res_raw_ms.pdf): PDF inclu
sion: multiple pdfs with page group included in a single page
>] [3 <./Plots/pl_SL1_indiv_ms.pdf> <./Plots/pl_SL1_ms.pdf

pdfTeX warning: /usr/bin/pdflatex (file ./Plots/pl_SL1_ms.pdf): PDF inclusion: 
multiple pdfs with page group included in a single page
> <./Plots/pl_SL0_indiv_ms.pdf

pdfTeX warning: /usr/bin/pdflatex (file ./Plots/pl_SL0_indiv_ms.pdf): PDF inclu
sion: multiple pdfs with page group included in a single page
> <./Plots/pl_SL0_ms.pdf

pdfTeX warning: /usr/bin/pdflatex (file ./Plots/pl_SL0_ms.pdf): PDF inclusion: 
multiple pdfs with page group included in a single page
> <./Plots/pl_A0_indiv_ms.pdf

pdfTeX warning: /usr/bin/pdflatex (file ./Plots/pl_A0_indiv_ms.pdf): PDF inclus
ion: multiple pdfs with page group included in a single page
> <./Plots/pl_A0_ms.pdf

pdfTeX warning: /usr/bin/pdflatex (file ./Plots/pl_A0_ms.pdf): PDF inclusion: m
ultiple pdfs with page group included in a single page
>] [4 <./Plots/pl_A1_indiv_ms.pdf> <./Plots/pl_A1_ms.pdf

pdfTeX warning: /usr/bin/pdflatex (file ./Plots/pl_A1_ms.pdf): PDF inclusion: m
ultiple pdfs with page group included in a single page
>]
<Plots/agg_spectrum_0.5Hz_all.pdf, id=1094, 433.62pt x 256.5585pt>
File: Plots/agg_spectrum_0.5Hz_all.pdf Graphic file (type pdf)
<use Plots/agg_spectrum_0.5Hz_all.pdf>
Package pdftex.def Info: Plots/agg_spectrum_0.5Hz_all.pdf  used on input line 1
01.
(pdftex.def)             Requested size: 217.35588pt x 128.60385pt.
<Plots/agg_spectrum_1Hz_all.pdf, id=1095, 433.62pt x 256.5585pt>
File: Plots/agg_spectrum_1Hz_all.pdf Graphic file (type pdf)
<use Plots/agg_spectrum_1Hz_all.pdf>
Package pdftex.def Info: Plots/agg_spectrum_1Hz_all.pdf  used on input line 102
.
(pdftex.def)             Requested size: 217.35588pt x 128.60385pt.
<Plots/agg_spectrum_1.5Hz_all.pdf, id=1096, 433.62pt x 256.5585pt>
File: Plots/agg_spectrum_1.5Hz_all.pdf Graphic file (type pdf)
<use Plots/agg_spectrum_1.5Hz_all.pdf>
Package pdftex.def Info: Plots/agg_spectrum_1.5Hz_all.pdf  used on input line 1
04.
(pdftex.def)             Requested size: 217.35588pt x 128.60385pt.
<Plots/agg_spectrum_2.5Hz_all.pdf, id=1097, 433.62pt x 256.5585pt>
File: Plots/agg_spectrum_2.5Hz_all.pdf Graphic file (type pdf)
<use Plots/agg_spectrum_2.5Hz_all.pdf>
Package pdftex.def Info: Plots/agg_spectrum_2.5Hz_all.pdf  used on input line 1
05.
(pdftex.def)             Requested size: 217.35588pt x 128.60385pt.
<Plots/e_at_res_raw_all.pdf, id=1098, 433.62pt x 256.5585pt>
File: Plots/e_at_res_raw_all.pdf Graphic file (type pdf)
<use Plots/e_at_res_raw_all.pdf>
Package pdftex.def Info: Plots/e_at_res_raw_all.pdf  used on input line 112.
(pdftex.def)             Requested size: 217.35588pt x 128.60385pt.
<Plots/pl_SL1_indiv_all.pdf, id=1099, 433.62pt x 256.5585pt>
File: Plots/pl_SL1_indiv_all.pdf Graphic file (type pdf)
<use Plots/pl_SL1_indiv_all.pdf>
Package pdftex.def Info: Plots/pl_SL1_indiv_all.pdf  used on input line 118.
(pdftex.def)             Requested size: 217.35588pt x 128.60385pt.
<Plots/pl_SL1_all.pdf, id=1100, 433.62pt x 256.5585pt>
File: Plots/pl_SL1_all.pdf Graphic file (type pdf)
<use Plots/pl_SL1_all.pdf>
Package pdftex.def Info: Plots/pl_SL1_all.pdf  used on input line 119.
(pdftex.def)             Requested size: 217.35588pt x 128.60385pt.
<Plots/pl_SL0_indiv_all.pdf, id=1101, 433.62pt x 256.5585pt>
File: Plots/pl_SL0_indiv_all.pdf Graphic file (type pdf)
<use Plots/pl_SL0_indiv_all.pdf>
Package pdftex.def Info: Plots/pl_SL0_indiv_all.pdf  used on input line 126.
(pdftex.def)             Requested size: 217.35588pt x 128.60385pt.
<Plots/pl_SL0_all.pdf, id=1102, 433.62pt x 256.5585pt>
File: Plots/pl_SL0_all.pdf Graphic file (type pdf)
<use Plots/pl_SL0_all.pdf>
Package pdftex.def Info: Plots/pl_SL0_all.pdf  used on input line 127.
(pdftex.def)             Requested size: 217.35588pt x 128.60385pt.
<Plots/pl_A0_indiv_all.pdf, id=1103, 433.62pt x 256.5585pt>
File: Plots/pl_A0_indiv_all.pdf Graphic file (type pdf)
<use Plots/pl_A0_indiv_all.pdf>
Package pdftex.def Info: Plots/pl_A0_indiv_all.pdf  used on input line 135.
(pdftex.def)             Requested size: 217.35588pt x 128.60385pt.
<Plots/pl_A0_all.pdf, id=1104, 433.62pt x 256.5585pt>
File: Plots/pl_A0_all.pdf Graphic file (type pdf)
<use Plots/pl_A0_all.pdf>
Package pdftex.def Info: Plots/pl_A0_all.pdf  used on input line 136.
(pdftex.def)             Requested size: 217.35588pt x 128.60385pt.
<Plots/pl_A1_indiv_all.pdf, id=1105, 433.62pt x 256.5585pt>
File: Plots/pl_A1_indiv_all.pdf Graphic file (type pdf)
<use Plots/pl_A1_indiv_all.pdf>
Package pdftex.def Info: Plots/pl_A1_indiv_all.pdf  used on input line 144.
(pdftex.def)             Requested size: 217.35588pt x 128.60385pt.
<Plots/pl_A1_all.pdf, id=1106, 433.62pt x 256.5585pt>
File: Plots/pl_A1_all.pdf Graphic file (type pdf)
<use Plots/pl_A1_all.pdf>
Package pdftex.def Info: Plots/pl_A1_all.pdf  used on input line 145.
(pdftex.def)             Requested size: 217.35588pt x 128.60385pt.
 [5

 <./Plots/agg_spectrum_0.5Hz_all.pdf> <./Plots/agg_spectrum_1Hz_all.pdf

pdfTeX warning: /usr/bin/pdflatex (file ./Plots/agg_spectrum_1Hz_all.pdf): PDF 
inclusion: multiple pdfs with page group included in a single page
> <./Plots/agg_spectrum_1.5Hz_all.pdf

pdfTeX warning: /usr/bin/pdflatex (file ./Plots/agg_spectrum_1.5Hz_all.pdf): PD
F inclusion: multiple pdfs with page group included in a single page
> <./Plots/agg_spectrum_2.5Hz_all.pdf

pdfTeX warning: /usr/bin/pdflatex (file ./Plots/agg_spectrum_2.5Hz_all.pdf): PD
F inclusion: multiple pdfs with page group included in a single page
> <./Plots/e_at_res_raw_all.pdf

pdfTeX warning: /usr/bin/pdflatex (file ./Plots/e_at_res_raw_all.pdf): PDF incl
usion: multiple pdfs with page group included in a single page
>] [6 <./Plots/pl_SL1_indiv_all.pdf> <./Plots/pl_SL1_all.pdf

pdfTeX warning: /usr/bin/pdflatex (file ./Plots/pl_SL1_all.pdf): PDF inclusion:
 multiple pdfs with page group included in a single page
> <./Plots/pl_SL0_indiv_all.pdf

pdfTeX warning: /usr/bin/pdflatex (file ./Plots/pl_SL0_indiv_all.pdf): PDF incl
usion: multiple pdfs with page group included in a single page
> <./Plots/pl_SL0_all.pdf

pdfTeX warning: /usr/bin/pdflatex (file ./Plots/pl_SL0_all.pdf): PDF inclusion:
 multiple pdfs with page group included in a single page
> <./Plots/pl_A0_indiv_all.pdf

pdfTeX warning: /usr/bin/pdflatex (file ./Plots/pl_A0_indiv_all.pdf): PDF inclu
sion: multiple pdfs with page group included in a single page
> <./Plots/pl_A0_all.pdf

pdfTeX warning: /usr/bin/pdflatex (file ./Plots/pl_A0_all.pdf): PDF inclusion: 
multiple pdfs with page group included in a single page
>] [7 <./Plots/pl_A1_indiv_all.pdf> <./Plots/pl_A1_all.pdf

pdfTeX warning: /usr/bin/pdflatex (file ./Plots/pl_A1_all.pdf): PDF inclusion: 
multiple pdfs with page group included in a single page
>]
<Plots/agg_spectrum_0.5Hz_m.pdf, id=2031, 433.62pt x 256.5585pt>
File: Plots/agg_spectrum_0.5Hz_m.pdf Graphic file (type pdf)
<use Plots/agg_spectrum_0.5Hz_m.pdf>
Package pdftex.def Info: Plots/agg_spectrum_0.5Hz_m.pdf  used on input line 159
.
(pdftex.def)             Requested size: 217.35588pt x 128.60385pt.
<Plots/agg_spectrum_1Hz_m.pdf, id=2032, 433.62pt x 256.5585pt>
File: Plots/agg_spectrum_1Hz_m.pdf Graphic file (type pdf)
<use Plots/agg_spectrum_1Hz_m.pdf>
Package pdftex.def Info: Plots/agg_spectrum_1Hz_m.pdf  used on input line 160.
(pdftex.def)             Requested size: 217.35588pt x 128.60385pt.
<Plots/agg_spectrum_1.5Hz_m.pdf, id=2033, 433.62pt x 256.5585pt>
File: Plots/agg_spectrum_1.5Hz_m.pdf Graphic file (type pdf)
<use Plots/agg_spectrum_1.5Hz_m.pdf>
Package pdftex.def Info: Plots/agg_spectrum_1.5Hz_m.pdf  used on input line 162
.
(pdftex.def)             Requested size: 217.35588pt x 128.60385pt.
<Plots/agg_spectrum_2.5Hz_m.pdf, id=2034, 433.62pt x 256.5585pt>
File: Plots/agg_spectrum_2.5Hz_m.pdf Graphic file (type pdf)
<use Plots/agg_spectrum_2.5Hz_m.pdf>
Package pdftex.def Info: Plots/agg_spectrum_2.5Hz_m.pdf  used on input line 163
.
(pdftex.def)             Requested size: 217.35588pt x 128.60385pt.
<Plots/e_at_res_raw_m.pdf, id=2035, 433.62pt x 256.5585pt>
File: Plots/e_at_res_raw_m.pdf Graphic file (type pdf)
<use Plots/e_at_res_raw_m.pdf>
Package pdftex.def Info: Plots/e_at_res_raw_m.pdf  used on input line 170.
(pdftex.def)             Requested size: 217.35588pt x 128.60385pt.
<Plots/pl_SL1_indiv_m.pdf, id=2036, 433.62pt x 256.5585pt>
File: Plots/pl_SL1_indiv_m.pdf Graphic file (type pdf)
<use Plots/pl_SL1_indiv_m.pdf>
Package pdftex.def Info: Plots/pl_SL1_indiv_m.pdf  used on input line 176.
(pdftex.def)             Requested size: 217.35588pt x 128.60385pt.
<Plots/pl_SL1_m.pdf, id=2037, 433.62pt x 256.5585pt>
File: Plots/pl_SL1_m.pdf Graphic file (type pdf)
<use Plots/pl_SL1_m.pdf>
Package pdftex.def Info: Plots/pl_SL1_m.pdf  used on input line 177.
(pdftex.def)             Requested size: 217.35588pt x 128.60385pt.
<Plots/pl_SL0_indiv_m.pdf, id=2038, 433.62pt x 256.5585pt>
File: Plots/pl_SL0_indiv_m.pdf Graphic file (type pdf)
<use Plots/pl_SL0_indiv_m.pdf>
Package pdftex.def Info: Plots/pl_SL0_indiv_m.pdf  used on input line 184.
(pdftex.def)             Requested size: 217.35588pt x 128.60385pt.
<Plots/pl_SL0_m.pdf, id=2039, 433.62pt x 256.5585pt>
File: Plots/pl_SL0_m.pdf Graphic file (type pdf)
<use Plots/pl_SL0_m.pdf>
Package pdftex.def Info: Plots/pl_SL0_m.pdf  used on input line 185.
(pdftex.def)             Requested size: 217.35588pt x 128.60385pt.
<Plots/pl_A0_indiv_m.pdf, id=2040, 433.62pt x 256.5585pt>
File: Plots/pl_A0_indiv_m.pdf Graphic file (type pdf)
<use Plots/pl_A0_indiv_m.pdf>
Package pdftex.def Info: Plots/pl_A0_indiv_m.pdf  used on input line 193.
(pdftex.def)             Requested size: 217.35588pt x 128.60385pt.
<Plots/pl_A0_m.pdf, id=2041, 433.62pt x 256.5585pt>
File: Plots/pl_A0_m.pdf Graphic file (type pdf)
<use Plots/pl_A0_m.pdf>
Package pdftex.def Info: Plots/pl_A0_m.pdf  used on input line 194.
(pdftex.def)             Requested size: 217.35588pt x 128.60385pt.
<Plots/pl_A1_indiv_m.pdf, id=2042, 433.62pt x 256.5585pt>
File: Plots/pl_A1_indiv_m.pdf Graphic file (type pdf)
<use Plots/pl_A1_indiv_m.pdf>
Package pdftex.def Info: Plots/pl_A1_indiv_m.pdf  used on input line 202.
(pdftex.def)             Requested size: 217.35588pt x 128.60385pt.
<Plots/pl_A1_m.pdf, id=2043, 433.62pt x 256.5585pt>
File: Plots/pl_A1_m.pdf Graphic file (type pdf)
<use Plots/pl_A1_m.pdf>
Package pdftex.def Info: Plots/pl_A1_m.pdf  used on input line 203.
(pdftex.def)             Requested size: 217.35588pt x 128.60385pt.
 [8

 <./Plots/agg_spectrum_0.5Hz_m.pdf> <./Plots/agg_spectrum_1Hz_m.pdf

pdfTeX warning: /usr/bin/pdflatex (file ./Plots/agg_spectrum_1Hz_m.pdf): PDF in
clusion: multiple pdfs with page group included in a single page
> <./Plots/agg_spectrum_1.5Hz_m.pdf

pdfTeX warning: /usr/bin/pdflatex (file ./Plots/agg_spectrum_1.5Hz_m.pdf): PDF 
inclusion: multiple pdfs with page group included in a single page
> <./Plots/agg_spectrum_2.5Hz_m.pdf

pdfTeX warning: /usr/bin/pdflatex (file ./Plots/agg_spectrum_2.5Hz_m.pdf): PDF 
inclusion: multiple pdfs with page group included in a single page
> <./Plots/e_at_res_raw_m.pdf

pdfTeX warning: /usr/bin/pdflatex (file ./Plots/e_at_res_raw_m.pdf): PDF inclus
ion: multiple pdfs with page group included in a single page
>] [9 <./Plots/pl_SL1_indiv_m.pdf> <./Plots/pl_SL1_m.pdf

pdfTeX warning: /usr/bin/pdflatex (file ./Plots/pl_SL1_m.pdf): PDF inclusion: m
ultiple pdfs with page group included in a single page
> <./Plots/pl_SL0_indiv_m.pdf

pdfTeX warning: /usr/bin/pdflatex (file ./Plots/pl_SL0_indiv_m.pdf): PDF inclus
ion: multiple pdfs with page group included in a single page
> <./Plots/pl_SL0_m.pdf

pdfTeX warning: /usr/bin/pdflatex (file ./Plots/pl_SL0_m.pdf): PDF inclusion: m
ultiple pdfs with page group included in a single page
> <./Plots/pl_A0_indiv_m.pdf

pdfTeX warning: /usr/bin/pdflatex (file ./Plots/pl_A0_indiv_m.pdf): PDF inclusi
on: multiple pdfs with page group included in a single page
> <./Plots/pl_A0_m.pdf

pdfTeX warning: /usr/bin/pdflatex (file ./Plots/pl_A0_m.pdf): PDF inclusion: mu
ltiple pdfs with page group included in a single page
>] [10 <./Plots/pl_A1_indiv_m.pdf> <./Plots/pl_A1_m.pdf

pdfTeX warning: /usr/bin/pdflatex (file ./Plots/pl_A1_m.pdf): PDF inclusion: mu
ltiple pdfs with page group included in a single page
>]
<Plots/IndividualSubjectPlots/S202/S202_0.5Hz.pdf, id=2956, 433.62pt x 256.5585
pt>
File: Plots/IndividualSubjectPlots/S202/S202_0.5Hz.pdf Graphic file (type pdf)
<use Plots/IndividualSubjectPlots/S202/S202_0.5Hz.pdf>
Package pdftex.def Info: Plots/IndividualSubjectPlots/S202/S202_0.5Hz.pdf  used
 on input line 215.
(pdftex.def)             Requested size: 217.35588pt x 128.60385pt.
<Plots/IndividualSubjectPlots/S202/S202_1Hz.pdf, id=2957, 433.62pt x 256.5585pt
>
File: Plots/IndividualSubjectPlots/S202/S202_1Hz.pdf Graphic file (type pdf)
<use Plots/IndividualSubjectPlots/S202/S202_1Hz.pdf>
Package pdftex.def Info: Plots/IndividualSubjectPlots/S202/S202_1Hz.pdf  used o
n input line 216.
(pdftex.def)             Requested size: 217.35588pt x 128.60385pt.
<Plots/IndividualSubjectPlots/S202/S202_1.5Hz.pdf, id=2958, 433.62pt x 256.5585
pt>
File: Plots/IndividualSubjectPlots/S202/S202_1.5Hz.pdf Graphic file (type pdf)
<use Plots/IndividualSubjectPlots/S202/S202_1.5Hz.pdf>
Package pdftex.def Info: Plots/IndividualSubjectPlots/S202/S202_1.5Hz.pdf  used
 on input line 218.
(pdftex.def)             Requested size: 217.35588pt x 128.60385pt.
<Plots/IndividualSubjectPlots/S202/S202_2.5Hz.pdf, id=2959, 433.62pt x 256.5585
pt>
File: Plots/IndividualSubjectPlots/S202/S202_2.5Hz.pdf Graphic file (type pdf)
<use Plots/IndividualSubjectPlots/S202/S202_2.5Hz.pdf>
Package pdftex.def Info: Plots/IndividualSubjectPlots/S202/S202_2.5Hz.pdf  used
 on input line 219.
(pdftex.def)             Requested size: 217.35588pt x 128.60385pt.
<Plots/IndividualSubjectPlots/S202/S202.pdf, id=2960, 433.62pt x 256.5585pt>
File: Plots/IndividualSubjectPlots/S202/S202.pdf Graphic file (type pdf)
<use Plots/IndividualSubjectPlots/S202/S202.pdf>
Package pdftex.def Info: Plots/IndividualSubjectPlots/S202/S202.pdf  used on in
put line 221.
(pdftex.def)             Requested size: 217.35588pt x 128.60385pt.
 [11

 <./Plots/IndividualSubjectPlots/S202/S202_0.5Hz.pdf> <./Plots/IndividualSubjec
tPlots/S202/S202_1Hz.pdf

pdfTeX warning: /usr/bin/pdflatex (file ./Plots/IndividualSubjectPlots/S202/S20
2_1Hz.pdf): PDF inclusion: multiple pdfs with page group included in a single p
age
> <./Plots/IndividualSubjectPlots/S202/S202_1.5Hz.pdf

pdfTeX warning: /usr/bin/pdflatex (file ./Plots/IndividualSubjectPlots/S202/S20
2_1.5Hz.pdf): PDF inclusion: multiple pdfs with page group included in a single
 page
> <./Plots/IndividualSubjectPlots/S202/S202_2.5Hz.pdf

pdfTeX warning: /usr/bin/pdflatex (file ./Plots/IndividualSubjectPlots/S202/S20
2_2.5Hz.pdf): PDF inclusion: multiple pdfs with page group included in a single
 page
> <./Plots/IndividualSubjectPlots/S202/S202.pdf

pdfTeX warning: /usr/bin/pdflatex (file ./Plots/IndividualSubjectPlots/S202/S20
2.pdf): PDF inclusion: multiple pdfs with page group included in a single page
>]
<Plots/IndividualSubjectPlots/S203/S203_0.5Hz.pdf, id=3297, 433.62pt x 256.5585
pt>
File: Plots/IndividualSubjectPlots/S203/S203_0.5Hz.pdf Graphic file (type pdf)
<use Plots/IndividualSubjectPlots/S203/S203_0.5Hz.pdf>
Package pdftex.def Info: Plots/IndividualSubjectPlots/S203/S203_0.5Hz.pdf  used
 on input line 230.
(pdftex.def)             Requested size: 217.35588pt x 128.60385pt.
<Plots/IndividualSubjectPlots/S203/S203_1Hz.pdf, id=3298, 433.62pt x 256.5585pt
>
File: Plots/IndividualSubjectPlots/S203/S203_1Hz.pdf Graphic file (type pdf)
<use Plots/IndividualSubjectPlots/S203/S203_1Hz.pdf>
Package pdftex.def Info: Plots/IndividualSubjectPlots/S203/S203_1Hz.pdf  used o
n input line 231.
(pdftex.def)             Requested size: 217.35588pt x 128.60385pt.
<Plots/IndividualSubjectPlots/S203/S203_1.5Hz.pdf, id=3299, 433.62pt x 256.5585
pt>
File: Plots/IndividualSubjectPlots/S203/S203_1.5Hz.pdf Graphic file (type pdf)
<use Plots/IndividualSubjectPlots/S203/S203_1.5Hz.pdf>
Package pdftex.def Info: Plots/IndividualSubjectPlots/S203/S203_1.5Hz.pdf  used
 on input line 233.
(pdftex.def)             Requested size: 217.35588pt x 128.60385pt.
<Plots/IndividualSubjectPlots/S203/S203_2.5Hz.pdf, id=3300, 433.62pt x 256.5585
pt>
File: Plots/IndividualSubjectPlots/S203/S203_2.5Hz.pdf Graphic file (type pdf)
<use Plots/IndividualSubjectPlots/S203/S203_2.5Hz.pdf>
Package pdftex.def Info: Plots/IndividualSubjectPlots/S203/S203_2.5Hz.pdf  used
 on input line 234.
(pdftex.def)             Requested size: 217.35588pt x 128.60385pt.
<Plots/IndividualSubjectPlots/S203/S203.pdf, id=3301, 433.62pt x 256.5585pt>
File: Plots/IndividualSubjectPlots/S203/S203.pdf Graphic file (type pdf)
<use Plots/IndividualSubjectPlots/S203/S203.pdf>
Package pdftex.def Info: Plots/IndividualSubjectPlots/S203/S203.pdf  used on in
put line 236.
(pdftex.def)             Requested size: 217.35588pt x 128.60385pt.
 [12

 <./Plots/IndividualSubjectPlots/S203/S203_0.5Hz.pdf> <./Plots/IndividualSubjec
tPlots/S203/S203_1Hz.pdf

pdfTeX warning: /usr/bin/pdflatex (file ./Plots/IndividualSubjectPlots/S203/S20
3_1Hz.pdf): PDF inclusion: multiple pdfs with page group included in a single p
age
> <./Plots/IndividualSubjectPlots/S203/S203_1.5Hz.pdf

pdfTeX warning: /usr/bin/pdflatex (file ./Plots/IndividualSubjectPlots/S203/S20
3_1.5Hz.pdf): PDF inclusion: multiple pdfs with page group included in a single
 page
> <./Plots/IndividualSubjectPlots/S203/S203_2.5Hz.pdf

pdfTeX warning: /usr/bin/pdflatex (file ./Plots/IndividualSubjectPlots/S203/S20
3_2.5Hz.pdf): PDF inclusion: multiple pdfs with page group included in a single
 page
> <./Plots/IndividualSubjectPlots/S203/S203.pdf

pdfTeX warning: /usr/bin/pdflatex (file ./Plots/IndividualSubjectPlots/S203/S20
3.pdf): PDF inclusion: multiple pdfs with page group included in a single page
>]
<Plots/IndividualSubjectPlots/S205/S205_0.5Hz.pdf, id=3636, 433.62pt x 256.5585
pt>
File: Plots/IndividualSubjectPlots/S205/S205_0.5Hz.pdf Graphic file (type pdf)
<use Plots/IndividualSubjectPlots/S205/S205_0.5Hz.pdf>
Package pdftex.def Info: Plots/IndividualSubjectPlots/S205/S205_0.5Hz.pdf  used
 on input line 247.
(pdftex.def)             Requested size: 217.35588pt x 128.60385pt.
<Plots/IndividualSubjectPlots/S205/S205_1Hz.pdf, id=3637, 433.62pt x 256.5585pt
>
File: Plots/IndividualSubjectPlots/S205/S205_1Hz.pdf Graphic file (type pdf)
<use Plots/IndividualSubjectPlots/S205/S205_1Hz.pdf>
Package pdftex.def Info: Plots/IndividualSubjectPlots/S205/S205_1Hz.pdf  used o
n input line 248.
(pdftex.def)             Requested size: 217.35588pt x 128.60385pt.
<Plots/IndividualSubjectPlots/S205/S205_1.5Hz.pdf, id=3638, 433.62pt x 256.5585
pt>
File: Plots/IndividualSubjectPlots/S205/S205_1.5Hz.pdf Graphic file (type pdf)
<use Plots/IndividualSubjectPlots/S205/S205_1.5Hz.pdf>
Package pdftex.def Info: Plots/IndividualSubjectPlots/S205/S205_1.5Hz.pdf  used
 on input line 250.
(pdftex.def)             Requested size: 217.35588pt x 128.60385pt.
<Plots/IndividualSubjectPlots/S205/S205_2.5Hz.pdf, id=3639, 433.62pt x 256.5585
pt>
File: Plots/IndividualSubjectPlots/S205/S205_2.5Hz.pdf Graphic file (type pdf)
<use Plots/IndividualSubjectPlots/S205/S205_2.5Hz.pdf>
Package pdftex.def Info: Plots/IndividualSubjectPlots/S205/S205_2.5Hz.pdf  used
 on input line 251.
(pdftex.def)             Requested size: 217.35588pt x 128.60385pt.
<Plots/IndividualSubjectPlots/S205/S205.pdf, id=3640, 433.62pt x 256.5585pt>
File: Plots/IndividualSubjectPlots/S205/S205.pdf Graphic file (type pdf)
<use Plots/IndividualSubjectPlots/S205/S205.pdf>
Package pdftex.def Info: Plots/IndividualSubjectPlots/S205/S205.pdf  used on in
put line 253.
(pdftex.def)             Requested size: 217.35588pt x 128.60385pt.
 [13

 <./Plots/IndividualSubjectPlots/S205/S205_0.5Hz.pdf> <./Plots/IndividualSubjec
tPlots/S205/S205_1Hz.pdf

pdfTeX warning: /usr/bin/pdflatex (file ./Plots/IndividualSubjectPlots/S205/S20
5_1Hz.pdf): PDF inclusion: multiple pdfs with page group included in a single p
age
> <./Plots/IndividualSubjectPlots/S205/S205_1.5Hz.pdf

pdfTeX warning: /usr/bin/pdflatex (file ./Plots/IndividualSubjectPlots/S205/S20
5_1.5Hz.pdf): PDF inclusion: multiple pdfs with page group included in a single
 page
> <./Plots/IndividualSubjectPlots/S205/S205_2.5Hz.pdf

pdfTeX warning: /usr/bin/pdflatex (file ./Plots/IndividualSubjectPlots/S205/S20
5_2.5Hz.pdf): PDF inclusion: multiple pdfs with page group included in a single
 page
> <./Plots/IndividualSubjectPlots/S205/S205.pdf

pdfTeX warning: /usr/bin/pdflatex (file ./Plots/IndividualSubjectPlots/S205/S20
5.pdf): PDF inclusion: multiple pdfs with page group included in a single page
>]
<Plots/IndividualSubjectPlots/S207/S207_0.5Hz.pdf, id=3975, 433.62pt x 256.5585
pt>
File: Plots/IndividualSubjectPlots/S207/S207_0.5Hz.pdf Graphic file (type pdf)
<use Plots/IndividualSubjectPlots/S207/S207_0.5Hz.pdf>
Package pdftex.def Info: Plots/IndividualSubjectPlots/S207/S207_0.5Hz.pdf  used
 on input line 264.
(pdftex.def)             Requested size: 217.35588pt x 128.60385pt.
<Plots/IndividualSubjectPlots/S207/S207_1Hz.pdf, id=3976, 433.62pt x 256.5585pt
>
File: Plots/IndividualSubjectPlots/S207/S207_1Hz.pdf Graphic file (type pdf)
<use Plots/IndividualSubjectPlots/S207/S207_1Hz.pdf>
Package pdftex.def Info: Plots/IndividualSubjectPlots/S207/S207_1Hz.pdf  used o
n input line 265.
(pdftex.def)             Requested size: 217.35588pt x 128.60385pt.
<Plots/IndividualSubjectPlots/S207/S207_1.5Hz.pdf, id=3977, 433.62pt x 256.5585
pt>
File: Plots/IndividualSubjectPlots/S207/S207_1.5Hz.pdf Graphic file (type pdf)
<use Plots/IndividualSubjectPlots/S207/S207_1.5Hz.pdf>
Package pdftex.def Info: Plots/IndividualSubjectPlots/S207/S207_1.5Hz.pdf  used
 on input line 267.
(pdftex.def)             Requested size: 217.35588pt x 128.60385pt.
<Plots/IndividualSubjectPlots/S207/S207_2.5Hz.pdf, id=3978, 433.62pt x 256.5585
pt>
File: Plots/IndividualSubjectPlots/S207/S207_2.5Hz.pdf Graphic file (type pdf)
<use Plots/IndividualSubjectPlots/S207/S207_2.5Hz.pdf>
Package pdftex.def Info: Plots/IndividualSubjectPlots/S207/S207_2.5Hz.pdf  used
 on input line 268.
(pdftex.def)             Requested size: 217.35588pt x 128.60385pt.
<Plots/IndividualSubjectPlots/S207/S207.pdf, id=3979, 433.62pt x 256.5585pt>
File: Plots/IndividualSubjectPlots/S207/S207.pdf Graphic file (type pdf)
<use Plots/IndividualSubjectPlots/S207/S207.pdf>
Package pdftex.def Info: Plots/IndividualSubjectPlots/S207/S207.pdf  used on in
put line 270.
(pdftex.def)             Requested size: 217.35588pt x 128.60385pt.
 [14

 <./Plots/IndividualSubjectPlots/S207/S207_0.5Hz.pdf> <./Plots/IndividualSubjec
tPlots/S207/S207_1Hz.pdf

pdfTeX warning: /usr/bin/pdflatex (file ./Plots/IndividualSubjectPlots/S207/S20
7_1Hz.pdf): PDF inclusion: multiple pdfs with page group included in a single p
age
> <./Plots/IndividualSubjectPlots/S207/S207_1.5Hz.pdf

pdfTeX warning: /usr/bin/pdflatex (file ./Plots/IndividualSubjectPlots/S207/S20
7_1.5Hz.pdf): PDF inclusion: multiple pdfs with page group included in a single
 page
> <./Plots/IndividualSubjectPlots/S207/S207_2.5Hz.pdf

pdfTeX warning: /usr/bin/pdflatex (file ./Plots/IndividualSubjectPlots/S207/S20
7_2.5Hz.pdf): PDF inclusion: multiple pdfs with page group included in a single
 page
> <./Plots/IndividualSubjectPlots/S207/S207.pdf

pdfTeX warning: /usr/bin/pdflatex (file ./Plots/IndividualSubjectPlots/S207/S20
7.pdf): PDF inclusion: multiple pdfs with page group included in a single page
>]
<Plots/IndividualSubjectPlots/S208/S208_0.5Hz.pdf, id=4316, 433.62pt x 256.5585
pt>
File: Plots/IndividualSubjectPlots/S208/S208_0.5Hz.pdf Graphic file (type pdf)
<use Plots/IndividualSubjectPlots/S208/S208_0.5Hz.pdf>
Package pdftex.def Info: Plots/IndividualSubjectPlots/S208/S208_0.5Hz.pdf  used
 on input line 279.
(pdftex.def)             Requested size: 217.35588pt x 128.60385pt.
<Plots/IndividualSubjectPlots/S208/S208_1Hz.pdf, id=4317, 433.62pt x 256.5585pt
>
File: Plots/IndividualSubjectPlots/S208/S208_1Hz.pdf Graphic file (type pdf)
<use Plots/IndividualSubjectPlots/S208/S208_1Hz.pdf>
Package pdftex.def Info: Plots/IndividualSubjectPlots/S208/S208_1Hz.pdf  used o
n input line 280.
(pdftex.def)             Requested size: 217.35588pt x 128.60385pt.
<Plots/IndividualSubjectPlots/S208/S208_1.5Hz.pdf, id=4318, 433.62pt x 256.5585
pt>
File: Plots/IndividualSubjectPlots/S208/S208_1.5Hz.pdf Graphic file (type pdf)
<use Plots/IndividualSubjectPlots/S208/S208_1.5Hz.pdf>
Package pdftex.def Info: Plots/IndividualSubjectPlots/S208/S208_1.5Hz.pdf  used
 on input line 282.
(pdftex.def)             Requested size: 217.35588pt x 128.60385pt.
<Plots/IndividualSubjectPlots/S208/S208_2.5Hz.pdf, id=4319, 433.62pt x 256.5585
pt>
File: Plots/IndividualSubjectPlots/S208/S208_2.5Hz.pdf Graphic file (type pdf)
<use Plots/IndividualSubjectPlots/S208/S208_2.5Hz.pdf>
Package pdftex.def Info: Plots/IndividualSubjectPlots/S208/S208_2.5Hz.pdf  used
 on input line 283.
(pdftex.def)             Requested size: 217.35588pt x 128.60385pt.
<Plots/IndividualSubjectPlots/S208/S208.pdf, id=4320, 433.62pt x 256.5585pt>
File: Plots/IndividualSubjectPlots/S208/S208.pdf Graphic file (type pdf)
<use Plots/IndividualSubjectPlots/S208/S208.pdf>
Package pdftex.def Info: Plots/IndividualSubjectPlots/S208/S208.pdf  used on in
put line 285.
(pdftex.def)             Requested size: 217.35588pt x 128.60385pt.
 [15

 <./Plots/IndividualSubjectPlots/S208/S208_0.5Hz.pdf> <./Plots/IndividualSubjec
tPlots/S208/S208_1Hz.pdf

pdfTeX warning: /usr/bin/pdflatex (file ./Plots/IndividualSubjectPlots/S208/S20
8_1Hz.pdf): PDF inclusion: multiple pdfs with page group included in a single p
age
> <./Plots/IndividualSubjectPlots/S208/S208_1.5Hz.pdf

pdfTeX warning: /usr/bin/pdflatex (file ./Plots/IndividualSubjectPlots/S208/S20
8_1.5Hz.pdf): PDF inclusion: multiple pdfs with page group included in a single
 page
> <./Plots/IndividualSubjectPlots/S208/S208_2.5Hz.pdf

pdfTeX warning: /usr/bin/pdflatex (file ./Plots/IndividualSubjectPlots/S208/S20
8_2.5Hz.pdf): PDF inclusion: multiple pdfs with page group included in a single
 page
> <./Plots/IndividualSubjectPlots/S208/S208.pdf

pdfTeX warning: /usr/bin/pdflatex (file ./Plots/IndividualSubjectPlots/S208/S20
8.pdf): PDF inclusion: multiple pdfs with page group included in a single page
>]
<Plots/IndividualSubjectPlots/S209/S209_0.5Hz.pdf, id=4654, 433.62pt x 256.5585
pt>
File: Plots/IndividualSubjectPlots/S209/S209_0.5Hz.pdf Graphic file (type pdf)
<use Plots/IndividualSubjectPlots/S209/S209_0.5Hz.pdf>
Package pdftex.def Info: Plots/IndividualSubjectPlots/S209/S209_0.5Hz.pdf  used
 on input line 294.
(pdftex.def)             Requested size: 217.35588pt x 128.60385pt.
<Plots/IndividualSubjectPlots/S209/S209_1Hz.pdf, id=4655, 433.62pt x 256.5585pt
>
File: Plots/IndividualSubjectPlots/S209/S209_1Hz.pdf Graphic file (type pdf)
<use Plots/IndividualSubjectPlots/S209/S209_1Hz.pdf>
Package pdftex.def Info: Plots/IndividualSubjectPlots/S209/S209_1Hz.pdf  used o
n input line 295.
(pdftex.def)             Requested size: 217.35588pt x 128.60385pt.
<Plots/IndividualSubjectPlots/S209/S209_1.5Hz.pdf, id=4656, 433.62pt x 256.5585
pt>
File: Plots/IndividualSubjectPlots/S209/S209_1.5Hz.pdf Graphic file (type pdf)
<use Plots/IndividualSubjectPlots/S209/S209_1.5Hz.pdf>
Package pdftex.def Info: Plots/IndividualSubjectPlots/S209/S209_1.5Hz.pdf  used
 on input line 297.
(pdftex.def)             Requested size: 217.35588pt x 128.60385pt.
<Plots/IndividualSubjectPlots/S209/S209_2.5Hz.pdf, id=4657, 433.62pt x 256.5585
pt>
File: Plots/IndividualSubjectPlots/S209/S209_2.5Hz.pdf Graphic file (type pdf)
<use Plots/IndividualSubjectPlots/S209/S209_2.5Hz.pdf>
Package pdftex.def Info: Plots/IndividualSubjectPlots/S209/S209_2.5Hz.pdf  used
 on input line 298.
(pdftex.def)             Requested size: 217.35588pt x 128.60385pt.
<Plots/IndividualSubjectPlots/S209/S209.pdf, id=4658, 433.62pt x 256.5585pt>
File: Plots/IndividualSubjectPlots/S209/S209.pdf Graphic file (type pdf)
<use Plots/IndividualSubjectPlots/S209/S209.pdf>
Package pdftex.def Info: Plots/IndividualSubjectPlots/S209/S209.pdf  used on in
put line 300.
(pdftex.def)             Requested size: 217.35588pt x 128.60385pt.
 [16

 <./Plots/IndividualSubjectPlots/S209/S209_0.5Hz.pdf> <./Plots/IndividualSubjec
tPlots/S209/S209_1Hz.pdf

pdfTeX warning: /usr/bin/pdflatex (file ./Plots/IndividualSubjectPlots/S209/S20
9_1Hz.pdf): PDF inclusion: multiple pdfs with page group included in a single p
age
> <./Plots/IndividualSubjectPlots/S209/S209_1.5Hz.pdf

pdfTeX warning: /usr/bin/pdflatex (file ./Plots/IndividualSubjectPlots/S209/S20
9_1.5Hz.pdf): PDF inclusion: multiple pdfs with page group included in a single
 page
> <./Plots/IndividualSubjectPlots/S209/S209_2.5Hz.pdf

pdfTeX warning: /usr/bin/pdflatex (file ./Plots/IndividualSubjectPlots/S209/S20
9_2.5Hz.pdf): PDF inclusion: multiple pdfs with page group included in a single
 page
> <./Plots/IndividualSubjectPlots/S209/S209.pdf

pdfTeX warning: /usr/bin/pdflatex (file ./Plots/IndividualSubjectPlots/S209/S20
9.pdf): PDF inclusion: multiple pdfs with page group included in a single page
>]
<Plots/IndividualSubjectPlots/S211/S211_0.5Hz.pdf, id=4993, 433.62pt x 256.5585
pt>
File: Plots/IndividualSubjectPlots/S211/S211_0.5Hz.pdf Graphic file (type pdf)
<use Plots/IndividualSubjectPlots/S211/S211_0.5Hz.pdf>
Package pdftex.def Info: Plots/IndividualSubjectPlots/S211/S211_0.5Hz.pdf  used
 on input line 310.
(pdftex.def)             Requested size: 217.35588pt x 128.60385pt.
<Plots/IndividualSubjectPlots/S211/S211_1Hz.pdf, id=4994, 433.62pt x 256.5585pt
>
File: Plots/IndividualSubjectPlots/S211/S211_1Hz.pdf Graphic file (type pdf)
<use Plots/IndividualSubjectPlots/S211/S211_1Hz.pdf>
Package pdftex.def Info: Plots/IndividualSubjectPlots/S211/S211_1Hz.pdf  used o
n input line 311.
(pdftex.def)             Requested size: 217.35588pt x 128.60385pt.
<Plots/IndividualSubjectPlots/S211/S211_1.5Hz.pdf, id=4995, 433.62pt x 256.5585
pt>
File: Plots/IndividualSubjectPlots/S211/S211_1.5Hz.pdf Graphic file (type pdf)
<use Plots/IndividualSubjectPlots/S211/S211_1.5Hz.pdf>
Package pdftex.def Info: Plots/IndividualSubjectPlots/S211/S211_1.5Hz.pdf  used
 on input line 313.
(pdftex.def)             Requested size: 217.35588pt x 128.60385pt.
<Plots/IndividualSubjectPlots/S211/S211_2.5Hz.pdf, id=4996, 433.62pt x 256.5585
pt>
File: Plots/IndividualSubjectPlots/S211/S211_2.5Hz.pdf Graphic file (type pdf)
<use Plots/IndividualSubjectPlots/S211/S211_2.5Hz.pdf>
Package pdftex.def Info: Plots/IndividualSubjectPlots/S211/S211_2.5Hz.pdf  used
 on input line 314.
(pdftex.def)             Requested size: 217.35588pt x 128.60385pt.
<Plots/IndividualSubjectPlots/S211/S211.pdf, id=4997, 433.62pt x 256.5585pt>
File: Plots/IndividualSubjectPlots/S211/S211.pdf Graphic file (type pdf)
<use Plots/IndividualSubjectPlots/S211/S211.pdf>
Package pdftex.def Info: Plots/IndividualSubjectPlots/S211/S211.pdf  used on in
put line 316.
(pdftex.def)             Requested size: 217.35588pt x 128.60385pt.
 [17

 <./Plots/IndividualSubjectPlots/S211/S211_0.5Hz.pdf> <./Plots/IndividualSubjec
tPlots/S211/S211_1Hz.pdf

pdfTeX warning: /usr/bin/pdflatex (file ./Plots/IndividualSubjectPlots/S211/S21
1_1Hz.pdf): PDF inclusion: multiple pdfs with page group included in a single p
age
> <./Plots/IndividualSubjectPlots/S211/S211_1.5Hz.pdf

pdfTeX warning: /usr/bin/pdflatex (file ./Plots/IndividualSubjectPlots/S211/S21
1_1.5Hz.pdf): PDF inclusion: multiple pdfs with page group included in a single
 page
> <./Plots/IndividualSubjectPlots/S211/S211_2.5Hz.pdf

pdfTeX warning: /usr/bin/pdflatex (file ./Plots/IndividualSubjectPlots/S211/S21
1_2.5Hz.pdf): PDF inclusion: multiple pdfs with page group included in a single
 page
> <./Plots/IndividualSubjectPlots/S211/S211.pdf

pdfTeX warning: /usr/bin/pdflatex (file ./Plots/IndividualSubjectPlots/S211/S21
1.pdf): PDF inclusion: multiple pdfs with page group included in a single page
>]
<Plots/IndividualSubjectPlots/S212/S212_0.5Hz.pdf, id=5332, 433.62pt x 256.5585
pt>
File: Plots/IndividualSubjectPlots/S212/S212_0.5Hz.pdf Graphic file (type pdf)
<use Plots/IndividualSubjectPlots/S212/S212_0.5Hz.pdf>
Package pdftex.def Info: Plots/IndividualSubjectPlots/S212/S212_0.5Hz.pdf  used
 on input line 325.
(pdftex.def)             Requested size: 217.35588pt x 128.60385pt.
<Plots/IndividualSubjectPlots/S212/S212_1Hz.pdf, id=5333, 433.62pt x 256.5585pt
>
File: Plots/IndividualSubjectPlots/S212/S212_1Hz.pdf Graphic file (type pdf)
<use Plots/IndividualSubjectPlots/S212/S212_1Hz.pdf>
Package pdftex.def Info: Plots/IndividualSubjectPlots/S212/S212_1Hz.pdf  used o
n input line 326.
(pdftex.def)             Requested size: 217.35588pt x 128.60385pt.
<Plots/IndividualSubjectPlots/S212/S212_1.5Hz.pdf, id=5334, 433.62pt x 256.5585
pt>
File: Plots/IndividualSubjectPlots/S212/S212_1.5Hz.pdf Graphic file (type pdf)
<use Plots/IndividualSubjectPlots/S212/S212_1.5Hz.pdf>
Package pdftex.def Info: Plots/IndividualSubjectPlots/S212/S212_1.5Hz.pdf  used
 on input line 328.
(pdftex.def)             Requested size: 217.35588pt x 128.60385pt.
<Plots/IndividualSubjectPlots/S212/S212_2.5Hz.pdf, id=5335, 433.62pt x 256.5585
pt>
File: Plots/IndividualSubjectPlots/S212/S212_2.5Hz.pdf Graphic file (type pdf)
<use Plots/IndividualSubjectPlots/S212/S212_2.5Hz.pdf>
Package pdftex.def Info: Plots/IndividualSubjectPlots/S212/S212_2.5Hz.pdf  used
 on input line 329.
(pdftex.def)             Requested size: 217.35588pt x 128.60385pt.
<Plots/IndividualSubjectPlots/S212/S212.pdf, id=5336, 433.62pt x 256.5585pt>
File: Plots/IndividualSubjectPlots/S212/S212.pdf Graphic file (type pdf)
<use Plots/IndividualSubjectPlots/S212/S212.pdf>
Package pdftex.def Info: Plots/IndividualSubjectPlots/S212/S212.pdf  used on in
put line 331.
(pdftex.def)             Requested size: 217.35588pt x 128.60385pt.
 [18

 <./Plots/IndividualSubjectPlots/S212/S212_0.5Hz.pdf> <./Plots/IndividualSubjec
tPlots/S212/S212_1Hz.pdf

pdfTeX warning: /usr/bin/pdflatex (file ./Plots/IndividualSubjectPlots/S212/S21
2_1Hz.pdf): PDF inclusion: multiple pdfs with page group included in a single p
age
> <./Plots/IndividualSubjectPlots/S212/S212_1.5Hz.pdf

pdfTeX warning: /usr/bin/pdflatex (file ./Plots/IndividualSubjectPlots/S212/S21
2_1.5Hz.pdf): PDF inclusion: multiple pdfs with page group included in a single
 page
> <./Plots/IndividualSubjectPlots/S212/S212_2.5Hz.pdf

pdfTeX warning: /usr/bin/pdflatex (file ./Plots/IndividualSubjectPlots/S212/S21
2_2.5Hz.pdf): PDF inclusion: multiple pdfs with page group included in a single
 page
> <./Plots/IndividualSubjectPlots/S212/S212.pdf

pdfTeX warning: /usr/bin/pdflatex (file ./Plots/IndividualSubjectPlots/S212/S21
2.pdf): PDF inclusion: multiple pdfs with page group included in a single page
>]
<Plots/IndividualSubjectPlots/S214/S214_0.5Hz.pdf, id=5672, 433.62pt x 256.5585
pt>
File: Plots/IndividualSubjectPlots/S214/S214_0.5Hz.pdf Graphic file (type pdf)
<use Plots/IndividualSubjectPlots/S214/S214_0.5Hz.pdf>
Package pdftex.def Info: Plots/IndividualSubjectPlots/S214/S214_0.5Hz.pdf  used
 on input line 340.
(pdftex.def)             Requested size: 217.35588pt x 128.60385pt.
<Plots/IndividualSubjectPlots/S214/S214_1Hz.pdf, id=5673, 433.62pt x 256.5585pt
>
File: Plots/IndividualSubjectPlots/S214/S214_1Hz.pdf Graphic file (type pdf)
<use Plots/IndividualSubjectPlots/S214/S214_1Hz.pdf>
Package pdftex.def Info: Plots/IndividualSubjectPlots/S214/S214_1Hz.pdf  used o
n input line 341.
(pdftex.def)             Requested size: 217.35588pt x 128.60385pt.
<Plots/IndividualSubjectPlots/S214/S214_1.5Hz.pdf, id=5674, 433.62pt x 256.5585
pt>
File: Plots/IndividualSubjectPlots/S214/S214_1.5Hz.pdf Graphic file (type pdf)
<use Plots/IndividualSubjectPlots/S214/S214_1.5Hz.pdf>
Package pdftex.def Info: Plots/IndividualSubjectPlots/S214/S214_1.5Hz.pdf  used
 on input line 343.
(pdftex.def)             Requested size: 217.35588pt x 128.60385pt.
<Plots/IndividualSubjectPlots/S214/S214_2.5Hz.pdf, id=5675, 433.62pt x 256.5585
pt>
File: Plots/IndividualSubjectPlots/S214/S214_2.5Hz.pdf Graphic file (type pdf)
<use Plots/IndividualSubjectPlots/S214/S214_2.5Hz.pdf>
Package pdftex.def Info: Plots/IndividualSubjectPlots/S214/S214_2.5Hz.pdf  used
 on input line 344.
(pdftex.def)             Requested size: 217.35588pt x 128.60385pt.
<Plots/IndividualSubjectPlots/S214/S214.pdf, id=5676, 433.62pt x 256.5585pt>
File: Plots/IndividualSubjectPlots/S214/S214.pdf Graphic file (type pdf)
<use Plots/IndividualSubjectPlots/S214/S214.pdf>
Package pdftex.def Info: Plots/IndividualSubjectPlots/S214/S214.pdf  used on in
put line 346.
(pdftex.def)             Requested size: 217.35588pt x 128.60385pt.
 [19

 <./Plots/IndividualSubjectPlots/S214/S214_0.5Hz.pdf> <./Plots/IndividualSubjec
tPlots/S214/S214_1Hz.pdf

pdfTeX warning: /usr/bin/pdflatex (file ./Plots/IndividualSubjectPlots/S214/S21
4_1Hz.pdf): PDF inclusion: multiple pdfs with page group included in a single p
age
> <./Plots/IndividualSubjectPlots/S214/S214_1.5Hz.pdf

pdfTeX warning: /usr/bin/pdflatex (file ./Plots/IndividualSubjectPlots/S214/S21
4_1.5Hz.pdf): PDF inclusion: multiple pdfs with page group included in a single
 page
> <./Plots/IndividualSubjectPlots/S214/S214_2.5Hz.pdf

pdfTeX warning: /usr/bin/pdflatex (file ./Plots/IndividualSubjectPlots/S214/S21
4_2.5Hz.pdf): PDF inclusion: multiple pdfs with page group included in a single
 page
> <./Plots/IndividualSubjectPlots/S214/S214.pdf

pdfTeX warning: /usr/bin/pdflatex (file ./Plots/IndividualSubjectPlots/S214/S21
4.pdf): PDF inclusion: multiple pdfs with page group included in a single page
>]
<Plots/IndividualSubjectPlots/S215/S215_0.5Hz.pdf, id=6011, 433.62pt x 256.5585
pt>
File: Plots/IndividualSubjectPlots/S215/S215_0.5Hz.pdf Graphic file (type pdf)
<use Plots/IndividualSubjectPlots/S215/S215_0.5Hz.pdf>
Package pdftex.def Info: Plots/IndividualSubjectPlots/S215/S215_0.5Hz.pdf  used
 on input line 357.
(pdftex.def)             Requested size: 217.35588pt x 128.60385pt.
<Plots/IndividualSubjectPlots/S215/S215_1Hz.pdf, id=6012, 433.62pt x 256.5585pt
>
File: Plots/IndividualSubjectPlots/S215/S215_1Hz.pdf Graphic file (type pdf)
<use Plots/IndividualSubjectPlots/S215/S215_1Hz.pdf>
Package pdftex.def Info: Plots/IndividualSubjectPlots/S215/S215_1Hz.pdf  used o
n input line 358.
(pdftex.def)             Requested size: 217.35588pt x 128.60385pt.
<Plots/IndividualSubjectPlots/S215/S215_1.5Hz.pdf, id=6013, 433.62pt x 256.5585
pt>
File: Plots/IndividualSubjectPlots/S215/S215_1.5Hz.pdf Graphic file (type pdf)
<use Plots/IndividualSubjectPlots/S215/S215_1.5Hz.pdf>
Package pdftex.def Info: Plots/IndividualSubjectPlots/S215/S215_1.5Hz.pdf  used
 on input line 360.
(pdftex.def)             Requested size: 217.35588pt x 128.60385pt.
<Plots/IndividualSubjectPlots/S215/S215_2.5Hz.pdf, id=6014, 433.62pt x 256.5585
pt>
File: Plots/IndividualSubjectPlots/S215/S215_2.5Hz.pdf Graphic file (type pdf)
<use Plots/IndividualSubjectPlots/S215/S215_2.5Hz.pdf>
Package pdftex.def Info: Plots/IndividualSubjectPlots/S215/S215_2.5Hz.pdf  used
 on input line 361.
(pdftex.def)             Requested size: 217.35588pt x 128.60385pt.
<Plots/IndividualSubjectPlots/S215/S215.pdf, id=6015, 433.62pt x 256.5585pt>
File: Plots/IndividualSubjectPlots/S215/S215.pdf Graphic file (type pdf)
<use Plots/IndividualSubjectPlots/S215/S215.pdf>
Package pdftex.def Info: Plots/IndividualSubjectPlots/S215/S215.pdf  used on in
put line 363.
(pdftex.def)             Requested size: 217.35588pt x 128.60385pt.
 [20

 <./Plots/IndividualSubjectPlots/S215/S215_0.5Hz.pdf> <./Plots/IndividualSubjec
tPlots/S215/S215_1Hz.pdf

pdfTeX warning: /usr/bin/pdflatex (file ./Plots/IndividualSubjectPlots/S215/S21
5_1Hz.pdf): PDF inclusion: multiple pdfs with page group included in a single p
age
> <./Plots/IndividualSubjectPlots/S215/S215_1.5Hz.pdf

pdfTeX warning: /usr/bin/pdflatex (file ./Plots/IndividualSubjectPlots/S215/S21
5_1.5Hz.pdf): PDF inclusion: multiple pdfs with page group included in a single
 page
> <./Plots/IndividualSubjectPlots/S215/S215_2.5Hz.pdf

pdfTeX warning: /usr/bin/pdflatex (file ./Plots/IndividualSubjectPlots/S215/S21
5_2.5Hz.pdf): PDF inclusion: multiple pdfs with page group included in a single
 page
> <./Plots/IndividualSubjectPlots/S215/S215.pdf

pdfTeX warning: /usr/bin/pdflatex (file ./Plots/IndividualSubjectPlots/S215/S21
5.pdf): PDF inclusion: multiple pdfs with page group included in a single page
>]
<Plots/IndividualSubjectPlots/S216/S216_0.5Hz.pdf, id=6352, 433.62pt x 256.5585
pt>
File: Plots/IndividualSubjectPlots/S216/S216_0.5Hz.pdf Graphic file (type pdf)
<use Plots/IndividualSubjectPlots/S216/S216_0.5Hz.pdf>
Package pdftex.def Info: Plots/IndividualSubjectPlots/S216/S216_0.5Hz.pdf  used
 on input line 374.
(pdftex.def)             Requested size: 217.35588pt x 128.60385pt.
<Plots/IndividualSubjectPlots/S216/S216_1Hz.pdf, id=6353, 433.62pt x 256.5585pt
>
File: Plots/IndividualSubjectPlots/S216/S216_1Hz.pdf Graphic file (type pdf)
<use Plots/IndividualSubjectPlots/S216/S216_1Hz.pdf>
Package pdftex.def Info: Plots/IndividualSubjectPlots/S216/S216_1Hz.pdf  used o
n input line 375.
(pdftex.def)             Requested size: 217.35588pt x 128.60385pt.
<Plots/IndividualSubjectPlots/S216/S216_1.5Hz.pdf, id=6354, 433.62pt x 256.5585
pt>
File: Plots/IndividualSubjectPlots/S216/S216_1.5Hz.pdf Graphic file (type pdf)
<use Plots/IndividualSubjectPlots/S216/S216_1.5Hz.pdf>
Package pdftex.def Info: Plots/IndividualSubjectPlots/S216/S216_1.5Hz.pdf  used
 on input line 377.
(pdftex.def)             Requested size: 217.35588pt x 128.60385pt.
<Plots/IndividualSubjectPlots/S216/S216_2.5Hz.pdf, id=6355, 433.62pt x 256.5585
pt>
File: Plots/IndividualSubjectPlots/S216/S216_2.5Hz.pdf Graphic file (type pdf)
<use Plots/IndividualSubjectPlots/S216/S216_2.5Hz.pdf>
Package pdftex.def Info: Plots/IndividualSubjectPlots/S216/S216_2.5Hz.pdf  used
 on input line 378.
(pdftex.def)             Requested size: 217.35588pt x 128.60385pt.
<Plots/IndividualSubjectPlots/S216/S216.pdf, id=6356, 433.62pt x 256.5585pt>
File: Plots/IndividualSubjectPlots/S216/S216.pdf Graphic file (type pdf)
<use Plots/IndividualSubjectPlots/S216/S216.pdf>
Package pdftex.def Info: Plots/IndividualSubjectPlots/S216/S216.pdf  used on in
put line 380.
(pdftex.def)             Requested size: 217.35588pt x 128.60385pt.
 [21

 <./Plots/IndividualSubjectPlots/S216/S216_0.5Hz.pdf> <./Plots/IndividualSubjec
tPlots/S216/S216_1Hz.pdf

pdfTeX warning: /usr/bin/pdflatex (file ./Plots/IndividualSubjectPlots/S216/S21
6_1Hz.pdf): PDF inclusion: multiple pdfs with page group included in a single p
age
> <./Plots/IndividualSubjectPlots/S216/S216_1.5Hz.pdf

pdfTeX warning: /usr/bin/pdflatex (file ./Plots/IndividualSubjectPlots/S216/S21
6_1.5Hz.pdf): PDF inclusion: multiple pdfs with page group included in a single
 page
> <./Plots/IndividualSubjectPlots/S216/S216_2.5Hz.pdf

pdfTeX warning: /usr/bin/pdflatex (file ./Plots/IndividualSubjectPlots/S216/S21
6_2.5Hz.pdf): PDF inclusion: multiple pdfs with page group included in a single
 page
> <./Plots/IndividualSubjectPlots/S216/S216.pdf

pdfTeX warning: /usr/bin/pdflatex (file ./Plots/IndividualSubjectPlots/S216/S21
6.pdf): PDF inclusion: multiple pdfs with page group included in a single page
>]
<Plots/IndividualSubjectPlots/S217/S217_0.5Hz.pdf, id=6692, 433.62pt x 256.5585
pt>
File: Plots/IndividualSubjectPlots/S217/S217_0.5Hz.pdf Graphic file (type pdf)
<use Plots/IndividualSubjectPlots/S217/S217_0.5Hz.pdf>
Package pdftex.def Info: Plots/IndividualSubjectPlots/S217/S217_0.5Hz.pdf  used
 on input line 391.
(pdftex.def)             Requested size: 217.35588pt x 128.60385pt.
<Plots/IndividualSubjectPlots/S217/S217_1Hz.pdf, id=6693, 433.62pt x 256.5585pt
>
File: Plots/IndividualSubjectPlots/S217/S217_1Hz.pdf Graphic file (type pdf)
<use Plots/IndividualSubjectPlots/S217/S217_1Hz.pdf>
Package pdftex.def Info: Plots/IndividualSubjectPlots/S217/S217_1Hz.pdf  used o
n input line 392.
(pdftex.def)             Requested size: 217.35588pt x 128.60385pt.
<Plots/IndividualSubjectPlots/S217/S217_1.5Hz.pdf, id=6694, 433.62pt x 256.5585
pt>
File: Plots/IndividualSubjectPlots/S217/S217_1.5Hz.pdf Graphic file (type pdf)
<use Plots/IndividualSubjectPlots/S217/S217_1.5Hz.pdf>
Package pdftex.def Info: Plots/IndividualSubjectPlots/S217/S217_1.5Hz.pdf  used
 on input line 394.
(pdftex.def)             Requested size: 217.35588pt x 128.60385pt.
<Plots/IndividualSubjectPlots/S217/S217_2.5Hz.pdf, id=6695, 433.62pt x 256.5585
pt>
File: Plots/IndividualSubjectPlots/S217/S217_2.5Hz.pdf Graphic file (type pdf)
<use Plots/IndividualSubjectPlots/S217/S217_2.5Hz.pdf>
Package pdftex.def Info: Plots/IndividualSubjectPlots/S217/S217_2.5Hz.pdf  used
 on input line 395.
(pdftex.def)             Requested size: 217.35588pt x 128.60385pt.
<Plots/IndividualSubjectPlots/S217/S217.pdf, id=6696, 433.62pt x 256.5585pt>
File: Plots/IndividualSubjectPlots/S217/S217.pdf Graphic file (type pdf)
<use Plots/IndividualSubjectPlots/S217/S217.pdf>
Package pdftex.def Info: Plots/IndividualSubjectPlots/S217/S217.pdf  used on in
put line 397.
(pdftex.def)             Requested size: 217.35588pt x 128.60385pt.
 [22

 <./Plots/IndividualSubjectPlots/S217/S217_0.5Hz.pdf> <./Plots/IndividualSubjec
tPlots/S217/S217_1Hz.pdf

pdfTeX warning: /usr/bin/pdflatex (file ./Plots/IndividualSubjectPlots/S217/S21
7_1Hz.pdf): PDF inclusion: multiple pdfs with page group included in a single p
age
> <./Plots/IndividualSubjectPlots/S217/S217_1.5Hz.pdf

pdfTeX warning: /usr/bin/pdflatex (file ./Plots/IndividualSubjectPlots/S217/S21
7_1.5Hz.pdf): PDF inclusion: multiple pdfs with page group included in a single
 page
> <./Plots/IndividualSubjectPlots/S217/S217_2.5Hz.pdf

pdfTeX warning: /usr/bin/pdflatex (file ./Plots/IndividualSubjectPlots/S217/S21
7_2.5Hz.pdf): PDF inclusion: multiple pdfs with page group included in a single
 page
> <./Plots/IndividualSubjectPlots/S217/S217.pdf

pdfTeX warning: /usr/bin/pdflatex (file ./Plots/IndividualSubjectPlots/S217/S21
7.pdf): PDF inclusion: multiple pdfs with page group included in a single page
>]
<Plots/IndividualSubjectPlots/S218/S218_0.5Hz.pdf, id=7032, 433.62pt x 256.5585
pt>
File: Plots/IndividualSubjectPlots/S218/S218_0.5Hz.pdf Graphic file (type pdf)
<use Plots/IndividualSubjectPlots/S218/S218_0.5Hz.pdf>
Package pdftex.def Info: Plots/IndividualSubjectPlots/S218/S218_0.5Hz.pdf  used
 on input line 406.
(pdftex.def)             Requested size: 217.35588pt x 128.60385pt.
<Plots/IndividualSubjectPlots/S218/S218_1Hz.pdf, id=7033, 433.62pt x 256.5585pt
>
File: Plots/IndividualSubjectPlots/S218/S218_1Hz.pdf Graphic file (type pdf)
<use Plots/IndividualSubjectPlots/S218/S218_1Hz.pdf>
Package pdftex.def Info: Plots/IndividualSubjectPlots/S218/S218_1Hz.pdf  used o
n input line 407.
(pdftex.def)             Requested size: 217.35588pt x 128.60385pt.
<Plots/IndividualSubjectPlots/S218/S218_1.5Hz.pdf, id=7034, 433.62pt x 256.5585
pt>
File: Plots/IndividualSubjectPlots/S218/S218_1.5Hz.pdf Graphic file (type pdf)
<use Plots/IndividualSubjectPlots/S218/S218_1.5Hz.pdf>
Package pdftex.def Info: Plots/IndividualSubjectPlots/S218/S218_1.5Hz.pdf  used
 on input line 409.
(pdftex.def)             Requested size: 217.35588pt x 128.60385pt.
<Plots/IndividualSubjectPlots/S218/S218_2.5Hz.pdf, id=7035, 433.62pt x 256.5585
pt>
File: Plots/IndividualSubjectPlots/S218/S218_2.5Hz.pdf Graphic file (type pdf)
<use Plots/IndividualSubjectPlots/S218/S218_2.5Hz.pdf>
Package pdftex.def Info: Plots/IndividualSubjectPlots/S218/S218_2.5Hz.pdf  used
 on input line 410.
(pdftex.def)             Requested size: 217.35588pt x 128.60385pt.
<Plots/IndividualSubjectPlots/S218/S218.pdf, id=7036, 433.62pt x 256.5585pt>
File: Plots/IndividualSubjectPlots/S218/S218.pdf Graphic file (type pdf)
<use Plots/IndividualSubjectPlots/S218/S218.pdf>
Package pdftex.def Info: Plots/IndividualSubjectPlots/S218/S218.pdf  used on in
put line 412.
(pdftex.def)             Requested size: 217.35588pt x 128.60385pt.
 [23

 <./Plots/IndividualSubjectPlots/S218/S218_0.5Hz.pdf> <./Plots/IndividualSubjec
tPlots/S218/S218_1Hz.pdf

pdfTeX warning: /usr/bin/pdflatex (file ./Plots/IndividualSubjectPlots/S218/S21
8_1Hz.pdf): PDF inclusion: multiple pdfs with page group included in a single p
age
> <./Plots/IndividualSubjectPlots/S218/S218_1.5Hz.pdf

pdfTeX warning: /usr/bin/pdflatex (file ./Plots/IndividualSubjectPlots/S218/S21
8_1.5Hz.pdf): PDF inclusion: multiple pdfs with page group included in a single
 page
> <./Plots/IndividualSubjectPlots/S218/S218_2.5Hz.pdf

pdfTeX warning: /usr/bin/pdflatex (file ./Plots/IndividualSubjectPlots/S218/S21
8_2.5Hz.pdf): PDF inclusion: multiple pdfs with page group included in a single
 page
> <./Plots/IndividualSubjectPlots/S218/S218.pdf

pdfTeX warning: /usr/bin/pdflatex (file ./Plots/IndividualSubjectPlots/S218/S21
8.pdf): PDF inclusion: multiple pdfs with page group included in a single page
>]
<Plots/IndividualSubjectPlots/S219/S219_0.5Hz.pdf, id=7372, 433.62pt x 256.5585
pt>
File: Plots/IndividualSubjectPlots/S219/S219_0.5Hz.pdf Graphic file (type pdf)
<use Plots/IndividualSubjectPlots/S219/S219_0.5Hz.pdf>
Package pdftex.def Info: Plots/IndividualSubjectPlots/S219/S219_0.5Hz.pdf  used
 on input line 421.
(pdftex.def)             Requested size: 217.35588pt x 128.60385pt.
<Plots/IndividualSubjectPlots/S219/S219_1Hz.pdf, id=7373, 433.62pt x 256.5585pt
>
File: Plots/IndividualSubjectPlots/S219/S219_1Hz.pdf Graphic file (type pdf)
<use Plots/IndividualSubjectPlots/S219/S219_1Hz.pdf>
Package pdftex.def Info: Plots/IndividualSubjectPlots/S219/S219_1Hz.pdf  used o
n input line 422.
(pdftex.def)             Requested size: 217.35588pt x 128.60385pt.
<Plots/IndividualSubjectPlots/S219/S219_1.5Hz.pdf, id=7374, 433.62pt x 256.5585
pt>
File: Plots/IndividualSubjectPlots/S219/S219_1.5Hz.pdf Graphic file (type pdf)
<use Plots/IndividualSubjectPlots/S219/S219_1.5Hz.pdf>
Package pdftex.def Info: Plots/IndividualSubjectPlots/S219/S219_1.5Hz.pdf  used
 on input line 424.
(pdftex.def)             Requested size: 217.35588pt x 128.60385pt.
<Plots/IndividualSubjectPlots/S219/S219_2.5Hz.pdf, id=7375, 433.62pt x 256.5585
pt>
File: Plots/IndividualSubjectPlots/S219/S219_2.5Hz.pdf Graphic file (type pdf)
<use Plots/IndividualSubjectPlots/S219/S219_2.5Hz.pdf>
Package pdftex.def Info: Plots/IndividualSubjectPlots/S219/S219_2.5Hz.pdf  used
 on input line 425.
(pdftex.def)             Requested size: 217.35588pt x 128.60385pt.
<Plots/IndividualSubjectPlots/S219/S219.pdf, id=7376, 433.62pt x 256.5585pt>
File: Plots/IndividualSubjectPlots/S219/S219.pdf Graphic file (type pdf)
<use Plots/IndividualSubjectPlots/S219/S219.pdf>
Package pdftex.def Info: Plots/IndividualSubjectPlots/S219/S219.pdf  used on in
put line 427.
(pdftex.def)             Requested size: 217.35588pt x 128.60385pt.
 [24

 <./Plots/IndividualSubjectPlots/S219/S219_0.5Hz.pdf> <./Plots/IndividualSubjec
tPlots/S219/S219_1Hz.pdf

pdfTeX warning: /usr/bin/pdflatex (file ./Plots/IndividualSubjectPlots/S219/S21
9_1Hz.pdf): PDF inclusion: multiple pdfs with page group included in a single p
age
> <./Plots/IndividualSubjectPlots/S219/S219_1.5Hz.pdf

pdfTeX warning: /usr/bin/pdflatex (file ./Plots/IndividualSubjectPlots/S219/S21
9_1.5Hz.pdf): PDF inclusion: multiple pdfs with page group included in a single
 page
> <./Plots/IndividualSubjectPlots/S219/S219_2.5Hz.pdf

pdfTeX warning: /usr/bin/pdflatex (file ./Plots/IndividualSubjectPlots/S219/S21
9_2.5Hz.pdf): PDF inclusion: multiple pdfs with page group included in a single
 page
> <./Plots/IndividualSubjectPlots/S219/S219.pdf

pdfTeX warning: /usr/bin/pdflatex (file ./Plots/IndividualSubjectPlots/S219/S21
9.pdf): PDF inclusion: multiple pdfs with page group included in a single page
>]
<Plots/IndividualSubjectPlots/S220/S220_0.5Hz.pdf, id=7710, 433.62pt x 256.5585
pt>
File: Plots/IndividualSubjectPlots/S220/S220_0.5Hz.pdf Graphic file (type pdf)
<use Plots/IndividualSubjectPlots/S220/S220_0.5Hz.pdf>
Package pdftex.def Info: Plots/IndividualSubjectPlots/S220/S220_0.5Hz.pdf  used
 on input line 436.
(pdftex.def)             Requested size: 217.35588pt x 128.60385pt.
<Plots/IndividualSubjectPlots/S220/S220_1Hz.pdf, id=7711, 433.62pt x 256.5585pt
>
File: Plots/IndividualSubjectPlots/S220/S220_1Hz.pdf Graphic file (type pdf)
<use Plots/IndividualSubjectPlots/S220/S220_1Hz.pdf>
Package pdftex.def Info: Plots/IndividualSubjectPlots/S220/S220_1Hz.pdf  used o
n input line 437.
(pdftex.def)             Requested size: 217.35588pt x 128.60385pt.
<Plots/IndividualSubjectPlots/S220/S220_1.5Hz.pdf, id=7712, 433.62pt x 256.5585
pt>
File: Plots/IndividualSubjectPlots/S220/S220_1.5Hz.pdf Graphic file (type pdf)
<use Plots/IndividualSubjectPlots/S220/S220_1.5Hz.pdf>
Package pdftex.def Info: Plots/IndividualSubjectPlots/S220/S220_1.5Hz.pdf  used
 on input line 439.
(pdftex.def)             Requested size: 217.35588pt x 128.60385pt.
<Plots/IndividualSubjectPlots/S220/S220_2.5Hz.pdf, id=7713, 433.62pt x 256.5585
pt>
File: Plots/IndividualSubjectPlots/S220/S220_2.5Hz.pdf Graphic file (type pdf)
<use Plots/IndividualSubjectPlots/S220/S220_2.5Hz.pdf>
Package pdftex.def Info: Plots/IndividualSubjectPlots/S220/S220_2.5Hz.pdf  used
 on input line 440.
(pdftex.def)             Requested size: 217.35588pt x 128.60385pt.
<Plots/IndividualSubjectPlots/S220/S220.pdf, id=7714, 433.62pt x 256.5585pt>
File: Plots/IndividualSubjectPlots/S220/S220.pdf Graphic file (type pdf)
<use Plots/IndividualSubjectPlots/S220/S220.pdf>
Package pdftex.def Info: Plots/IndividualSubjectPlots/S220/S220.pdf  used on in
put line 442.
(pdftex.def)             Requested size: 217.35588pt x 128.60385pt.
Package atveryend Info: Empty hook `BeforeClearDocument' on input line 446.
 [25

 <./Plots/IndividualSubjectPlots/S220/S220_0.5Hz.pdf> <./Plots/IndividualSubjec
tPlots/S220/S220_1Hz.pdf

pdfTeX warning: /usr/bin/pdflatex (file ./Plots/IndividualSubjectPlots/S220/S22
0_1Hz.pdf): PDF inclusion: multiple pdfs with page group included in a single p
age
> <./Plots/IndividualSubjectPlots/S220/S220_1.5Hz.pdf

pdfTeX warning: /usr/bin/pdflatex (file ./Plots/IndividualSubjectPlots/S220/S22
0_1.5Hz.pdf): PDF inclusion: multiple pdfs with page group included in a single
 page
> <./Plots/IndividualSubjectPlots/S220/S220_2.5Hz.pdf

pdfTeX warning: /usr/bin/pdflatex (file ./Plots/IndividualSubjectPlots/S220/S22
0_2.5Hz.pdf): PDF inclusion: multiple pdfs with page group included in a single
 page
> <./Plots/IndividualSubjectPlots/S220/S220.pdf

pdfTeX warning: /usr/bin/pdflatex (file ./Plots/IndividualSubjectPlots/S220/S22
0.pdf): PDF inclusion: multiple pdfs with page group included in a single page
>]
Package atveryend Info: Empty hook `AfterLastShipout' on input line 446.
 (./freq_analysis_summary.aux)
Package atveryend Info: Executing hook `AtVeryEndDocument' on input line 446.
Package atveryend Info: Executing hook `AtEndAfterFileList' on input line 446.
Package rerunfilecheck Info: File `freq_analysis_summary.out' has not changed.
(rerunfilecheck)             Checksum: 672634D9DAFBB32D6894654183E1A978;1200.
Package atveryend Info: Empty hook `AtVeryVeryEnd' on input line 446.
 ) 
Here is how much of TeX's memory you used:
 8991 strings out of 481239
 156954 string characters out of 5920377
 412178 words of memory out of 5000000
 23823 multiletter control sequences out of 15000+600000
 537748 words of font info for 43 fonts, out of 8000000 for 9000
 1141 hyphenation exceptions out of 8191
 50i,7n,48p,889b,350s stack positions out of 5000i,500n,10000p,200000b,80000s
{/usr/share/texmf/fonts/enc/dvips/cm-super/cm-super-ts1.enc}</usr/share/texli
ve/texmf-dist/fonts/type1/public/amsfonts/cm/cmbx12.pfb></usr/share/texlive/tex
mf-dist/fonts/type1/public/amsfonts/cm/cmmi10.pfb></usr/share/texlive/texmf-dis
t/fonts/type1/public/amsfonts/cm/cmr10.pfb></usr/share/texlive/texmf-dist/fonts
/type1/public/amsfonts/cm/cmr12.pfb></usr/share/texlive/texmf-dist/fonts/type1/
public/amsfonts/cm/cmr17.pfb></usr/share/texmf/fonts/type1/public/cm-super/sfrm
1000.pfb>
Output written on freq_analysis_summary.pdf (25 pages, 2164161 bytes).
PDF statistics:
 8113 PDF objects out of 8907 (max. 8388607)
 1416 compressed objects within 15 object streams
 182 named destinations out of 1000 (max. 500000)
 728 words of extra memory for PDF output out of 10000 (max. 10000000)

